"../../../Engine/Plugins/2D/Paper2D/Content/PlaceholderTextures/DummySpriteTexture.ubulk" 0
"../../../Engine/Plugins/2D/Paper2D/Content/PlaceholderTextures/DummySpriteTexture.uasset" 1
"../../../Engine/Plugins/2D/Paper2D/Content/PlaceholderTextures/DummySpriteTexture.uexp" 2
"../../../Engine/Plugins/2D/Paper2D/Content/DummySprite.uasset" 3
"../../../Engine/Plugins/2D/Paper2D/Content/DummySprite.uexp" 4
"../../../Engine/Plugins/2D/Paper2D/Content/DefaultPaperTerrainMaterial.uasset" 5
"../../../Engine/Plugins/2D/Paper2D/Content/DefaultPaperTerrainMaterial.uexp" 6
"../../../Engine/Plugins/Animation/ACLPlugin/Content/ACLAnimCurveCompressionSettings.uasset" 7
"../../../Engine/Plugins/Animation/ACLPlugin/Content/ACLAnimCurveCompressionSettings.uexp" 8
"../../../Engine/Plugins/Animation/ACLPlugin/Content/ACLAnimBoneCompressionSettings.uasset" 9
"../../../Engine/Plugins/Animation/ACLPlugin/Content/ACLAnimBoneCompressionSettings.uexp" 10
"../../../Engine/Content/Animation/DefaultVariableFrameStrippingSettings.uasset" 11
"../../../Engine/Content/Animation/DefaultVariableFrameStrippingSettings.uexp" 12
"../../../Engine/Content/Animation/DefaultRecorderBoneCompression.uasset" 13
"../../../Engine/Content/Animation/DefaultRecorderBoneCompression.uexp" 14
"../../../Engine/Content/EngineSounds/Master.uasset" 15
"../../../Engine/Content/EngineSounds/Master.uexp" 16
"../../../Engine/Content/EngineMaterials/DefaultPhysicalMaterial.uasset" 17
"../../../Engine/Content/EngineMaterials/DefaultPhysicalMaterial.uexp" 18
"../../../Engine/Content/EngineMaterials/DefaultDestructiblePhysicalMaterial.uasset" 19
"../../../Engine/Content/EngineMaterials/DefaultDestructiblePhysicalMaterial.uexp" 20
"../../../Engine/Content/EngineFonts/Faces/DroidSansFallback.uexp" 21
"../../../Engine/Content/EngineFonts/Faces/DroidSansFallback.uasset" 22
"../../../Engine/Content/EngineFonts/Faces/DroidSansFallback.ufont" 23
"../../../Engine/Content/EngineFonts/Faces/RobotoBold.uexp" 24
"../../../Engine/Content/EngineFonts/Faces/RobotoBold.uasset" 25
"../../../Engine/Content/EngineFonts/Faces/RobotoBold.ufont" 26
"../../../Engine/Content/EngineFonts/Faces/RobotoBoldItalic.uexp" 27
"../../../Engine/Content/EngineFonts/Faces/RobotoBoldItalic.uasset" 28
"../../../Engine/Content/EngineFonts/Faces/RobotoBoldItalic.ufont" 29
"../../../Engine/Content/EngineFonts/Faces/RobotoItalic.uexp" 30
"../../../Engine/Content/EngineFonts/Faces/RobotoItalic.uasset" 31
"../../../Engine/Content/EngineFonts/Faces/RobotoItalic.ufont" 32
"../../../Engine/Content/EngineFonts/Faces/RobotoLight.uexp" 33
"../../../Engine/Content/EngineFonts/Faces/RobotoLight.uasset" 34
"../../../Engine/Content/EngineFonts/Faces/RobotoLight.ufont" 35
"../../../Engine/Content/EngineFonts/Faces/RobotoRegular.uexp" 36
"../../../Engine/Content/EngineFonts/Faces/RobotoRegular.uasset" 37
"../../../Engine/Content/EngineFonts/Faces/RobotoRegular.ufont" 38
"../../../Engine/Content/EngineFonts/Roboto.uasset" 39
"../../../Engine/Content/EngineFonts/Roboto.uexp" 40
"../../../Engine/Content/EngineFonts/Faces/DroidSansMono.uexp" 41
"../../../Engine/Content/EngineFonts/Faces/DroidSansMono.uasset" 42
"../../../Engine/Content/EngineFonts/Faces/DroidSansMono.ufont" 43
"../../../Engine/Content/EngineFonts/DroidSansMono.uasset" 44
"../../../Engine/Content/EngineFonts/DroidSansMono.uexp" 45
"../../../Engine/Plugins/Animation/ControlRig/Content/Controls/DefaultGizmoLibraryNormalized.uasset" 46
"../../../Engine/Plugins/Animation/ControlRig/Content/Controls/DefaultGizmoLibraryNormalized.uexp" 47
"C:/VNGameKit/VNGameKit/Content/Leval/NewMap_HLOD0_Instancing.uasset" 48
"C:/VNGameKit/VNGameKit/Content/Leval/NewMap_HLOD0_Instancing.uexp" 49
"../../../Engine/Plugins/Interchange/Runtime/Content/Pipelines/DefaultTexturePipeline.uasset" 50
"../../../Engine/Plugins/Interchange/Runtime/Content/Pipelines/DefaultTexturePipeline.uexp" 51
"../../../Engine/Plugins/Interchange/Runtime/Content/Pipelines/DefaultSceneLevelPipeline.uasset" 52
"../../../Engine/Plugins/Interchange/Runtime/Content/Pipelines/DefaultSceneLevelPipeline.uexp" 53
"../../../Engine/Plugins/Interchange/Runtime/Content/Pipelines/DefaultSceneAssetsPipeline.uasset" 54
"../../../Engine/Plugins/Interchange/Runtime/Content/Pipelines/DefaultSceneAssetsPipeline.uexp" 55
"../../../Engine/Plugins/Interchange/Runtime/Content/Pipelines/DefaultMaterialXPipeline.uasset" 56
"../../../Engine/Plugins/Interchange/Runtime/Content/Pipelines/DefaultMaterialXPipeline.uexp" 57
"../../../Engine/Plugins/Interchange/Runtime/Content/Pipelines/DefaultMaterialPipeline.uasset" 58
"../../../Engine/Plugins/Interchange/Runtime/Content/Pipelines/DefaultMaterialPipeline.uexp" 59
"../../../Engine/Plugins/Interchange/Runtime/Content/Pipelines/DefaultGLTFSceneAssetsPipeline.uasset" 60
"../../../Engine/Plugins/Interchange/Runtime/Content/Pipelines/DefaultGLTFSceneAssetsPipeline.uexp" 61
"../../../Engine/Plugins/Interchange/Runtime/Content/Pipelines/DefaultGLTFPipeline.uasset" 62
"../../../Engine/Plugins/Interchange/Runtime/Content/Pipelines/DefaultGLTFPipeline.uexp" 63
"../../../Engine/Plugins/Interchange/Runtime/Content/Pipelines/DefaultGLTFAssetsPipeline.uasset" 64
"../../../Engine/Plugins/Interchange/Runtime/Content/Pipelines/DefaultGLTFAssetsPipeline.uexp" 65
"../../../Engine/Plugins/Interchange/Runtime/Content/Pipelines/DefaultAssetsPipeline.uasset" 66
"../../../Engine/Plugins/Interchange/Runtime/Content/Pipelines/DefaultAssetsPipeline.uexp" 67
"../../../Engine/Content/MobileResources/HUD/VirtualJoystick_Thumb.uasset" 68
"../../../Engine/Content/MobileResources/HUD/VirtualJoystick_Thumb.uexp" 69
"../../../Engine/Content/MobileResources/HUD/VirtualJoystick_Background.uasset" 70
"../../../Engine/Content/MobileResources/HUD/VirtualJoystick_Background.uexp" 71
"../../../Engine/Content/MobileResources/HUD/DefaultVirtualJoysticks.uasset" 72
"../../../Engine/Content/MobileResources/HUD/DefaultVirtualJoysticks.uexp" 73
"../../../Engine/Content/EngineResources/GradientTexture0.uasset" 74
"../../../Engine/Content/EngineResources/GradientTexture0.uexp" 75
"../../../Engine/Content/EngineResources/Black.uasset" 76
"../../../Engine/Content/EngineResources/Black.uexp" 77
"../../../Engine/Content/EditorResources/S_Actor.ubulk" 78
"../../../Engine/Content/EditorResources/S_Actor.uasset" 79
"../../../Engine/Content/EditorResources/S_Actor.uexp" 80
"../../../Engine/Content/EditorResources/S_Trigger.ubulk" 81
"../../../Engine/Content/EditorResources/S_Trigger.uasset" 82
"../../../Engine/Content/EditorResources/S_Trigger.uexp" 83
"../../../Engine/Content/EditorResources/S_BoxReflectionCapture.uasset" 84
"../../../Engine/Content/EditorResources/S_BoxReflectionCapture.uexp" 85
"../../../Engine/Content/EditorResources/S_TriggerBox.uasset" 86
"../../../Engine/Content/EditorResources/S_TriggerBox.uexp" 87
"../../../Engine/Content/EditorResources/S_TriggerCapsule.uasset" 88
"../../../Engine/Content/EditorResources/S_TriggerCapsule.uexp" 89
"../../../Engine/Content/EditorResources/S_TriggerSphere.uasset" 90
"../../../Engine/Content/EditorResources/S_TriggerSphere.uexp" 91
"../../../Engine/Content/EngineMeshes/Sphere.ubulk" 92
"../../../Engine/Content/EngineMeshes/Sphere.uasset" 93
"../../../Engine/Content/EngineMeshes/Sphere.uexp" 94
"../../../Engine/Plugins/NNE/NNEDenoiser/Content/NNEDTOM_Output_Default.uasset" 95
"../../../Engine/Plugins/NNE/NNEDenoiser/Content/NNEDTOM_Output_Default.uexp" 96
"../../../Engine/Plugins/NNE/NNEDenoiser/Content/NNEDTOM_Output_Alpha.uasset" 97
"../../../Engine/Plugins/NNE/NNEDenoiser/Content/NNEDTOM_Output_Alpha.uexp" 98
"../../../Engine/Plugins/NNE/NNEDenoiser/Content/NNEDTIM_ColorAlbedoNormal_Default.uasset" 99
"../../../Engine/Plugins/NNE/NNEDenoiser/Content/NNEDTIM_ColorAlbedoNormal_Default.uexp" 100
"../../../Engine/Plugins/NNE/NNEDenoiser/Content/NNEDTIM_ColorAlbedoNormal_Alpha.uasset" 101
"../../../Engine/Plugins/NNE/NNEDenoiser/Content/NNEDTIM_ColorAlbedoNormal_Alpha.uexp" 102
"../../../Engine/Plugins/NNE/NNEDenoiser/Content/NNEDOM_Output_Default.uasset" 103
"../../../Engine/Plugins/NNE/NNEDenoiser/Content/NNEDOM_Output_Default.uexp" 104
"../../../Engine/Plugins/NNE/NNEDenoiser/Content/NNEDOM_Output_Alpha.uasset" 105
"../../../Engine/Plugins/NNE/NNEDenoiser/Content/NNEDOM_Output_Alpha.uexp" 106
"../../../Engine/Plugins/NNE/NNEDenoiser/Content/NNEDIM_HighQuality_Default.uasset" 107
"../../../Engine/Plugins/NNE/NNEDenoiser/Content/NNEDIM_HighQuality_Default.uexp" 108
"../../../Engine/Plugins/NNE/NNEDenoiser/Content/NNEDIM_HighQuality_Alpha.uasset" 109
"../../../Engine/Plugins/NNE/NNEDenoiser/Content/NNEDIM_HighQuality_Alpha.uexp" 110
"../../../Engine/Plugins/NNE/NNEDenoiser/Content/NNEDIM_ColorAlbedoNormal_Default.uasset" 111
"../../../Engine/Plugins/NNE/NNEDenoiser/Content/NNEDIM_ColorAlbedoNormal_Default.uexp" 112
"../../../Engine/Plugins/NNE/NNEDenoiser/Content/NNEDIM_ColorAlbedoNormal_Alpha.uasset" 113
"../../../Engine/Plugins/NNE/NNEDenoiser/Content/NNEDIM_ColorAlbedoNormal_Alpha.uexp" 114
"../../../Engine/Content/EngineMaterials/T_Default_Material_Grid_M.ubulk" 115
"../../../Engine/Content/EngineMaterials/T_Default_Material_Grid_M.uasset" 116
"../../../Engine/Content/EngineMaterials/T_Default_Material_Grid_M.uexp" 117
"../../../Engine/Content/Functions/Engine_MaterialFunctions01/Opacity/CameraDepthFade.uasset" 118
"../../../Engine/Content/Functions/Engine_MaterialFunctions01/Opacity/CameraDepthFade.uexp" 119
"../../../Engine/Content/EngineMaterials/T_Default_Material_Grid_N.ubulk" 120
"../../../Engine/Content/EngineMaterials/T_Default_Material_Grid_N.uasset" 121
"../../../Engine/Content/EngineMaterials/T_Default_Material_Grid_N.uexp" 122
"../../../Engine/Content/EngineMaterials/WorldGridMaterial.uasset" 123
"../../../Engine/Content/EngineMaterials/WorldGridMaterial.uexp" 124
"../../../Engine/Plugins/Media/MediaPlate/Content/SM_MediaPlateScreen.ubulk" 125
"../../../Engine/Plugins/Media/MediaPlate/Content/SM_MediaPlateScreen.uasset" 126
"../../../Engine/Plugins/Media/MediaPlate/Content/SM_MediaPlateScreen.uexp" 127
"../../../Engine/Content/Functions/Engine_MaterialFunctions02/WorldPositionOffset/CameraOffset.uasset" 128
"../../../Engine/Content/Functions/Engine_MaterialFunctions02/WorldPositionOffset/CameraOffset.uexp" 129
"../../../Engine/Plugins/Animation/ControlRig/Content/M_Manip.uasset" 130
"../../../Engine/Plugins/Animation/ControlRig/Content/M_Manip.uexp" 131
"../../../Engine/Content/EngineMaterials/DefaultMaterial.uasset" 132
"../../../Engine/Content/EngineMaterials/DefaultMaterial.uexp" 133
"../../../Engine/Content/BasicShapes/Sphere.ubulk" 134
"../../../Engine/Content/BasicShapes/Sphere.uasset" 135
"../../../Engine/Content/BasicShapes/Sphere.uexp" 136
"../../../Engine/Content/BasicShapes/Plane.ubulk" 137
"../../../Engine/Content/BasicShapes/Plane.uasset" 138
"../../../Engine/Content/BasicShapes/Plane.uexp" 139
"../../../Engine/Content/BasicShapes/Cylinder.ubulk" 140
"../../../Engine/Content/BasicShapes/Cylinder.uasset" 141
"../../../Engine/Content/BasicShapes/Cylinder.uexp" 142
"../../../Engine/Content/BasicShapes/Cube.ubulk" 143
"../../../Engine/Content/BasicShapes/Cube.uasset" 144
"../../../Engine/Content/BasicShapes/Cube.uexp" 145
"../../../Engine/Content/BasicShapes/Cone.ubulk" 146
"../../../Engine/Content/BasicShapes/Cone.uasset" 147
"../../../Engine/Content/BasicShapes/Cone.uexp" 148
"../../../Engine/Content/BasicShapes/BasicShapeMaterial.uasset" 149
"../../../Engine/Content/BasicShapes/BasicShapeMaterial.uexp" 150
"../../../Engine/Content/EditorMaterials/PreviewShadowIndicator.ubulk" 151
"../../../Engine/Content/EditorMaterials/PreviewShadowIndicator.uasset" 152
"../../../Engine/Content/EditorMaterials/PreviewShadowIndicator.uexp" 153
"../../../Engine/Content/EditorMaterials/PreviewShadowIndicatorMaterial.uasset" 154
"../../../Engine/Content/EditorMaterials/PreviewShadowIndicatorMaterial.uexp" 155
"../../../Engine/Content/EditorMaterials/PhAT_UnselectedMaterial.uasset" 156
"../../../Engine/Content/EditorMaterials/PhAT_UnselectedMaterial.uexp" 157
"../../../Engine/Content/EditorMaterials/PhAT_NoCollisionMaterial.uasset" 158
"../../../Engine/Content/EditorMaterials/PhAT_NoCollisionMaterial.uexp" 159
"../../../Engine/Content/EditorLandscapeResources/SplineEditorMeshMat.uasset" 160
"../../../Engine/Content/EditorLandscapeResources/SplineEditorMeshMat.uexp" 161
"../../../Engine/Content/EditorLandscapeResources/SplineEditorMesh.ubulk" 162
"../../../Engine/Content/EditorLandscapeResources/SplineEditorMesh.uasset" 163
"../../../Engine/Content/EditorLandscapeResources/SplineEditorMesh.uexp" 164
"../../../Engine/Content/EditorLandscapeResources/WhiteSquareTexture.uasset" 165
"../../../Engine/Content/EditorLandscapeResources/WhiteSquareTexture.uexp" 166
"../../../Engine/Content/EditorLandscapeResources/LayerVisMaterial.uasset" 167
"../../../Engine/Content/EditorLandscapeResources/LayerVisMaterial.uexp" 168
"../../../Engine/Content/Functions/Engine_MaterialFunctions02/WorldPositionOffset/LocalPosition.uasset" 169
"../../../Engine/Content/Functions/Engine_MaterialFunctions02/WorldPositionOffset/LocalPosition.uexp" 170
"../../../Engine/Content/Functions/Engine_MaterialFunctions02/Utility/BreakOutFloat2Components.uasset" 171
"../../../Engine/Content/Functions/Engine_MaterialFunctions02/Utility/BreakOutFloat2Components.uexp" 172
"../../../Engine/Content/Functions/Engine_MaterialFunctions01/Texturing/ScaleUVsByCenter.uasset" 173
"../../../Engine/Content/Functions/Engine_MaterialFunctions01/Texturing/ScaleUVsByCenter.uexp" 174
"../../../Engine/Content/EngineMaterials/DefaultDiffuse.ubulk" 175
"../../../Engine/Content/EngineMaterials/DefaultDiffuse.uasset" 176
"../../../Engine/Content/EngineMaterials/DefaultDiffuse.uexp" 177
"../../../Engine/Content/Functions/Engine_MaterialFunctions01/Texturing/TextureCropping.uasset" 178
"../../../Engine/Content/Functions/Engine_MaterialFunctions01/Texturing/TextureCropping.uexp" 179
"../../../Engine/Content/Functions/Engine_MaterialFunctions02/ExampleContent/DebugNumberStrip.uasset" 180
"../../../Engine/Content/Functions/Engine_MaterialFunctions02/ExampleContent/DebugNumberStrip.uexp" 181
"../../../Engine/Content/Functions/Engine_MaterialFunctions01/Debug/DebugIntValues.uasset" 182
"../../../Engine/Content/Functions/Engine_MaterialFunctions01/Debug/DebugIntValues.uexp" 183
"../../../Engine/Content/EditorLandscapeResources/LandscapeLayerUsageMaterial.uasset" 184
"../../../Engine/Content/EditorLandscapeResources/LandscapeLayerUsageMaterial.uexp" 185
"../../../Engine/Content/EditorLandscapeResources/DefaultAlphaTexture.uasset" 186
"../../../Engine/Content/EditorLandscapeResources/DefaultAlphaTexture.uexp" 187
"../../../Engine/Content/EditorLandscapeResources/LandscapeDirtyMaterial.uasset" 188
"../../../Engine/Content/EditorLandscapeResources/LandscapeDirtyMaterial.uexp" 189
"../../../Engine/Content/EngineMaterials/WeightMapPlaceholderTexture.uasset" 190
"../../../Engine/Content/EngineMaterials/WeightMapPlaceholderTexture.uexp" 191
"../../../Engine/Content/EngineMaterials/WeightMapArrayPlaceholderTexture.uasset" 192
"../../../Engine/Content/EngineMaterials/WeightMapArrayPlaceholderTexture.uexp" 193
"../../../Engine/Content/EngineMaterials/RemoveSurfaceMaterial.uasset" 194
"../../../Engine/Content/EngineMaterials/RemoveSurfaceMaterial.uexp" 195
"../../../Engine/Content/EngineMaterials/PreintegratedSkinBRDF.uasset" 196
"../../../Engine/Content/EngineMaterials/PreintegratedSkinBRDF.uexp" 197
"../../../Engine/Content/EngineMaterials/DefaultCalibrationGrayscale.uasset" 198
"../../../Engine/Content/EngineMaterials/DefaultCalibrationGrayscale.uexp" 199
"../../../Engine/Content/EngineMaterials/PPM_DefaultCalibrationGrayscale.uasset" 200
"../../../Engine/Content/EngineMaterials/PPM_DefaultCalibrationGrayscale.uexp" 201
"../../../Engine/Content/EngineMaterials/DefaultCalibrationColor.uasset" 202
"../../../Engine/Content/EngineMaterials/DefaultCalibrationColor.uexp" 203
"../../../Engine/Content/EngineMaterials/PPM_DefaultCalibrationColor.uasset" 204
"../../../Engine/Content/EngineMaterials/PPM_DefaultCalibrationColor.uexp" 205
"../../../Engine/Content/EngineMaterials/PhAT_JointLimitMaterial.uasset" 206
"../../../Engine/Content/EngineMaterials/PhAT_JointLimitMaterial.uexp" 207
"../../../Engine/Content/EngineMaterials/NaniteHiddenSectionMaterial.uasset" 208
"../../../Engine/Content/EngineMaterials/NaniteHiddenSectionMaterial.uexp" 209
"../../../Engine/Content/EngineMaterials/InvalidLightmapSettings.ubulk" 210
"../../../Engine/Content/EngineMaterials/InvalidLightmapSettings.uasset" 211
"../../../Engine/Content/EngineMaterials/InvalidLightmapSettings.uexp" 212
"../../../Engine/Content/EngineMaterials/M_InvalidLightmapSettings.uasset" 213
"../../../Engine/Content/EngineMaterials/M_InvalidLightmapSettings.uexp" 214
"../../../Engine/Content/EngineMaterials/MiniFont.uasset" 215
"../../../Engine/Content/EngineMaterials/MiniFont.uexp" 216
"../../../Engine/Content/EngineMaterials/GizmoMaterial.uasset" 217
"../../../Engine/Content/EngineMaterials/GizmoMaterial.uexp" 218
"../../../Engine/Content/EngineMaterials/BaseFlattenDiffuseMap_VT.ubulk" 219
"../../../Engine/Content/EngineMaterials/BaseFlattenDiffuseMap_VT.uasset" 220
"../../../Engine/Content/EngineMaterials/BaseFlattenDiffuseMap_VT.uexp" 221
"../../../Engine/Content/EngineMaterials/BaseFlattenEmissiveMap_VT.ubulk" 222
"../../../Engine/Content/EngineMaterials/BaseFlattenEmissiveMap_VT.uasset" 223
"../../../Engine/Content/EngineMaterials/BaseFlattenEmissiveMap_VT.uexp" 224
"../../../Engine/Content/EngineMaterials/BaseFlattenGrayscaleMap_VT.ubulk" 225
"../../../Engine/Content/EngineMaterials/BaseFlattenGrayscaleMap_VT.uasset" 226
"../../../Engine/Content/EngineMaterials/BaseFlattenGrayscaleMap_VT.uexp" 227
"../../../Engine/Content/EngineMaterials/BaseFlattenLinearColor_VT.ubulk" 228
"../../../Engine/Content/EngineMaterials/BaseFlattenLinearColor_VT.uasset" 229
"../../../Engine/Content/EngineMaterials/BaseFlattenLinearColor_VT.uexp" 230
"../../../Engine/Content/EngineMaterials/BaseFlattenNormalMap_VT.ubulk" 231
"../../../Engine/Content/EngineMaterials/BaseFlattenNormalMap_VT.uasset" 232
"../../../Engine/Content/EngineMaterials/BaseFlattenNormalMap_VT.uexp" 233
"../../../Engine/Content/EngineMaterials/Black_1x1_EXR_Texture_VT.ubulk" 234
"../../../Engine/Content/EngineMaterials/Black_1x1_EXR_Texture_VT.uasset" 235
"../../../Engine/Content/EngineMaterials/Black_1x1_EXR_Texture_VT.uexp" 236
"../../../Engine/Content/EngineMaterials/FlattenMaterial_WS_Normal_VT.uasset" 237
"../../../Engine/Content/EngineMaterials/FlattenMaterial_WS_Normal_VT.uexp" 238
"../../../Engine/Content/EngineMaterials/FlattenMaterial_VT.uasset" 239
"../../../Engine/Content/EngineMaterials/FlattenMaterial_VT.uexp" 240
"../../../Engine/Content/EngineMaterials/BaseFlattenNormalMap.uasset" 241
"../../../Engine/Content/EngineMaterials/BaseFlattenNormalMap.uexp" 242
"../../../Engine/Content/EngineMaterials/BaseFlattenDiffuseMap.uasset" 243
"../../../Engine/Content/EngineMaterials/BaseFlattenDiffuseMap.uexp" 244
"../../../Engine/Content/EngineMaterials/BaseFlattenEmissiveMap.uasset" 245
"../../../Engine/Content/EngineMaterials/BaseFlattenEmissiveMap.uexp" 246
"../../../Engine/Content/EngineMaterials/BaseFlattenGrayscaleMap.uasset" 247
"../../../Engine/Content/EngineMaterials/BaseFlattenGrayscaleMap.uexp" 248
"../../../Engine/Content/EngineMaterials/BaseFlattenLinearColor.uasset" 249
"../../../Engine/Content/EngineMaterials/BaseFlattenLinearColor.uexp" 250
"../../../Engine/Content/Functions/Engine_MaterialFunctions02/PivotPainter2/Black_1x1_EXR_Texture.uasset" 251
"../../../Engine/Content/Functions/Engine_MaterialFunctions02/PivotPainter2/Black_1x1_EXR_Texture.uexp" 252
"../../../Engine/Content/EngineMaterials/FlattenMaterial.uasset" 253
"../../../Engine/Content/EngineMaterials/FlattenMaterial.uexp" 254
"../../../Engine/Content/EngineMaterials/FastBlueNoise_vec2_128x128x64.uasset" 255
"../../../Engine/Content/EngineMaterials/FastBlueNoise_vec2_128x128x64.uexp" 256
"../../../Engine/Content/EngineMaterials/FastBlueNoise_scalar_128x128x8.uasset" 257
"../../../Engine/Content/EngineMaterials/FastBlueNoise_scalar_128x128x8.uexp" 258
"../../../Engine/Content/EngineMaterials/FastBlueNoise_scalar_128x128x64.uasset" 259
"../../../Engine/Content/EngineMaterials/FastBlueNoise_scalar_128x128x64.uexp" 260
"../../../Engine/Content/EngineMaterials/DefaultWhiteGrid_Low.uasset" 261
"../../../Engine/Content/EngineMaterials/DefaultWhiteGrid_Low.uexp" 262
"../../../Engine/Content/EngineMaterials/EmissiveMeshMaterial.uasset" 263
"../../../Engine/Content/EngineMaterials/EmissiveMeshMaterial.uexp" 264
"../../../Engine/Content/EngineMaterials/DefaultWhiteGrid.ubulk" 265
"../../../Engine/Content/EngineMaterials/DefaultWhiteGrid.uasset" 266
"../../../Engine/Content/EngineMaterials/DefaultWhiteGrid.uexp" 267
"../../../Engine/Content/EngineFonts/RobotoDistanceField.uasset" 268
"../../../Engine/Content/EngineFonts/RobotoDistanceField.uexp" 269
"../../../Engine/Content/EngineMaterials/DefaultTextMaterialOpaque.uasset" 270
"../../../Engine/Content/EngineMaterials/DefaultTextMaterialOpaque.uexp" 271
"../../../Engine/Content/EngineMaterials/DefaultPostProcessMaterial.uasset" 272
"../../../Engine/Content/EngineMaterials/DefaultPostProcessMaterial.uexp" 273
"../../../Engine/Content/EngineMaterials/DefaultLightFunctionMaterial.uasset" 274
"../../../Engine/Content/EngineMaterials/DefaultLightFunctionMaterial.uexp" 275
"../../../Engine/Content/EngineMaterials/DefaultDeferredDecalMaterial.uasset" 276
"../../../Engine/Content/EngineMaterials/DefaultDeferredDecalMaterial.uexp" 277
"../../../Engine/Content/EngineMaterials/DefaultBokeh.uasset" 278
"../../../Engine/Content/EngineMaterials/DefaultBokeh.uexp" 279
"../../../Engine/Content/EngineMaterials/DefaultBloomKernel.uasset" 280
"../../../Engine/Content/EngineMaterials/DefaultBloomKernel.uexp" 281
"../../../Engine/Content/Functions/Engine_MaterialFunctions02/Utility/CameraDirectionVector.uasset" 282
"../../../Engine/Content/Functions/Engine_MaterialFunctions02/Utility/CameraDirectionVector.uexp" 283
"../../../Engine/Content/EngineDebugMaterials/VolumeToRender.uasset" 284
"../../../Engine/Content/EngineDebugMaterials/VolumeToRender.uexp" 285
"../../../Engine/Content/EngineDebugMaterials/M_VolumeRenderSphereTracePP.uasset" 286
"../../../Engine/Content/EngineDebugMaterials/M_VolumeRenderSphereTracePP.uexp" 287
"../../../Engine/Content/EngineDebugMaterials/M_SimpleUnlitTranslucent.uasset" 288
"../../../Engine/Content/EngineDebugMaterials/M_SimpleUnlitTranslucent.uexp" 289
"../../../Engine/Content/EngineDebugMaterials/DebugMeshMaterial.uasset" 290
"../../../Engine/Content/EngineDebugMaterials/DebugMeshMaterial.uexp" 291
"../../../Engine/Content/EngineDebugMaterials/DebugEditorMaterial.uasset" 292
"../../../Engine/Content/EngineDebugMaterials/DebugEditorMaterial.uexp" 293
"../../../Engine/Content/EngineDamageTypes/DmgTypeBP_Environmental.uasset" 294
"../../../Engine/Content/EngineDamageTypes/DmgTypeBP_Environmental.uexp" 295
"../../../Engine/Content/EditorResources/S_Terrain.ubulk" 296
"../../../Engine/Content/EditorResources/S_Terrain.uasset" 297
"../../../Engine/Content/EditorResources/S_Terrain.uexp" 298
"../../../Engine/Content/EditorResources/S_Solver.ubulk" 299
"../../../Engine/Content/EditorResources/S_Solver.uasset" 300
"../../../Engine/Content/EditorResources/S_Solver.uexp" 301
"../../../Engine/Content/EditorResources/BSPVertex.uasset" 302
"../../../Engine/Content/EditorResources/BSPVertex.uexp" 303
"../../../Engine/Content/Functions/Engine_MaterialFunctions02/Utility/VectorLength.uasset" 304
"../../../Engine/Content/Functions/Engine_MaterialFunctions02/Utility/VectorLength.uexp" 305
"../../../Engine/Content/Functions/Engine_MaterialFunctions02/Utility/BreakOutFloat3Components.uasset" 306
"../../../Engine/Content/Functions/Engine_MaterialFunctions02/Utility/BreakOutFloat3Components.uexp" 307
"../../../Engine/Content/Functions/Engine_MaterialFunctions02/WorldPositionOffset/ObjectScale.uasset" 308
"../../../Engine/Content/Functions/Engine_MaterialFunctions02/WorldPositionOffset/ObjectScale.uexp" 309
"../../../Engine/Content/Functions/Engine_MaterialFunctions02/SafeNormalize.uasset" 310
"../../../Engine/Content/Functions/Engine_MaterialFunctions02/SafeNormalize.uexp" 311
"../../../Engine/Plugins/Editor/SpeedTreeImporter/Content/SpeedTree9/UnpackInteger3.uasset" 312
"../../../Engine/Plugins/Editor/SpeedTreeImporter/Content/SpeedTree9/UnpackInteger3.uexp" 313
"../../../Engine/Plugins/Editor/SpeedTreeImporter/Content/SpeedTree9/UnpackDirection.uasset" 314
"../../../Engine/Plugins/Editor/SpeedTreeImporter/Content/SpeedTree9/UnpackDirection.uexp" 315
"../../../Engine/Plugins/Editor/SpeedTreeImporter/Content/SpeedTree9/game_wind_noise.ubulk" 316
"../../../Engine/Plugins/Editor/SpeedTreeImporter/Content/SpeedTree9/game_wind_noise.uasset" 317
"../../../Engine/Plugins/Editor/SpeedTreeImporter/Content/SpeedTree9/game_wind_noise.uexp" 318
"../../../Engine/Plugins/Editor/SpeedTreeImporter/Content/SpeedTree9/SpeedTreeWindMotion.uasset" 319
"../../../Engine/Plugins/Editor/SpeedTreeImporter/Content/SpeedTree9/SpeedTreeWindMotion.uexp" 320
"../../../Engine/Plugins/Editor/SpeedTreeImporter/Content/SpeedTree9/SpeedTreeBranchMotion.uasset" 321
"../../../Engine/Plugins/Editor/SpeedTreeImporter/Content/SpeedTree9/SpeedTreeBranchMotion.uexp" 322
"../../../Engine/Content/Functions/Engine_MaterialFunctions02/ObjectLocalBounds.uasset" 323
"../../../Engine/Content/Functions/Engine_MaterialFunctions02/ObjectLocalBounds.uexp" 324
"../../../Engine/Content/Functions/Engine_MaterialFunctions02/UVs/BoundingBoxBased_0-1_UVW.uasset" 325
"../../../Engine/Content/Functions/Engine_MaterialFunctions02/UVs/BoundingBoxBased_0-1_UVW.uexp" 326
"../../../Engine/Plugins/Editor/SpeedTreeImporter/Content/SpeedTree9/SpeedTreeWind.uasset" 327
"../../../Engine/Plugins/Editor/SpeedTreeImporter/Content/SpeedTree9/SpeedTreeWind.uexp" 328
"../../../Engine/Plugins/Editor/SpeedTreeImporter/Content/SpeedTree9/SpeedTreeCameraFacing.uasset" 329
"../../../Engine/Plugins/Editor/SpeedTreeImporter/Content/SpeedTree9/SpeedTreeCameraFacing.uexp" 330
"../../../Engine/Plugins/Editor/SpeedTreeImporter/Content/SpeedTree9/EmptyNormal.uasset" 331
"../../../Engine/Plugins/Editor/SpeedTreeImporter/Content/SpeedTree9/EmptyNormal.uexp" 332
"../../../Engine/Plugins/Editor/SpeedTreeImporter/Content/SpeedTree9/Empty.uasset" 333
"../../../Engine/Plugins/Editor/SpeedTreeImporter/Content/SpeedTree9/Empty.uexp" 334
"../../../Engine/Plugins/Editor/SpeedTreeImporter/Content/SpeedTree9/SpeedTreeMaster.uasset" 335
"../../../Engine/Plugins/Editor/SpeedTreeImporter/Content/SpeedTree9/SpeedTreeMaster.uexp" 336
"../../../Engine/Plugins/Editor/SpeedTreeImporter/Content/SpeedTree9/SpeedTreeBillboard.uasset" 337
"../../../Engine/Plugins/Editor/SpeedTreeImporter/Content/SpeedTree9/SpeedTreeBillboard.uexp" 338
"../../../Engine/Plugins/Editor/SpeedTreeImporter/Content/SpeedTree9/SpeedTreeBillboardMaster.uasset" 339
"../../../Engine/Plugins/Editor/SpeedTreeImporter/Content/SpeedTree9/SpeedTreeBillboardMaster.uexp" 340
"../../../Engine/Plugins/Animation/ControlRig/Content/Controls/ControlRig_Wedge_solid.ubulk" 341
"../../../Engine/Plugins/Animation/ControlRig/Content/Controls/ControlRig_Wedge_solid.uasset" 342
"../../../Engine/Plugins/Animation/ControlRig/Content/Controls/ControlRig_Wedge_solid.uexp" 343
"../../../Engine/Plugins/Animation/ControlRig/Content/Controls/ControlRig_Wedge_3mm.ubulk" 344
"../../../Engine/Plugins/Animation/ControlRig/Content/Controls/ControlRig_Wedge_3mm.uasset" 345
"../../../Engine/Plugins/Animation/ControlRig/Content/Controls/ControlRig_Wedge_3mm.uexp" 346
"../../../Engine/Plugins/Animation/ControlRig/Content/Controls/ControlRig_Wedge_1mm.ubulk" 347
"../../../Engine/Plugins/Animation/ControlRig/Content/Controls/ControlRig_Wedge_1mm.uasset" 348
"../../../Engine/Plugins/Animation/ControlRig/Content/Controls/ControlRig_Wedge_1mm.uexp" 349
"../../../Engine/Plugins/Animation/ControlRig/Content/Controls/ControlRig_Triangle_solid.ubulk" 350
"../../../Engine/Plugins/Animation/ControlRig/Content/Controls/ControlRig_Triangle_solid.uasset" 351
"../../../Engine/Plugins/Animation/ControlRig/Content/Controls/ControlRig_Triangle_solid.uexp" 352
"../../../Engine/Plugins/Animation/ControlRig/Content/Controls/ControlRig_Triangle_3mm.ubulk" 353
"../../../Engine/Plugins/Animation/ControlRig/Content/Controls/ControlRig_Triangle_3mm.uasset" 354
"../../../Engine/Plugins/Animation/ControlRig/Content/Controls/ControlRig_Triangle_3mm.uexp" 355
"../../../Engine/Plugins/Animation/ControlRig/Content/Controls/ControlRig_Triangle_1mm.ubulk" 356
"../../../Engine/Plugins/Animation/ControlRig/Content/Controls/ControlRig_Triangle_1mm.uasset" 357
"../../../Engine/Plugins/Animation/ControlRig/Content/Controls/ControlRig_Triangle_1mm.uexp" 358
"../../../Engine/Plugins/Animation/ControlRig/Content/Controls/ControlRig_Star4_solid.ubulk" 359
"../../../Engine/Plugins/Animation/ControlRig/Content/Controls/ControlRig_Star4_solid.uasset" 360
"../../../Engine/Plugins/Animation/ControlRig/Content/Controls/ControlRig_Star4_solid.uexp" 361
"../../../Engine/Plugins/Animation/ControlRig/Content/Controls/ControlRig_Star4_3mm.ubulk" 362
"../../../Engine/Plugins/Animation/ControlRig/Content/Controls/ControlRig_Star4_3mm.uasset" 363
"../../../Engine/Plugins/Animation/ControlRig/Content/Controls/ControlRig_Star4_3mm.uexp" 364
"../../../Engine/Plugins/Animation/ControlRig/Content/Controls/ControlRig_Star4_1mm.ubulk" 365
"../../../Engine/Plugins/Animation/ControlRig/Content/Controls/ControlRig_Star4_1mm.uasset" 366
"../../../Engine/Plugins/Animation/ControlRig/Content/Controls/ControlRig_Star4_1mm.uexp" 367
"../../../Engine/Plugins/Animation/ControlRig/Content/Controls/ControlRig_Square_solid.ubulk" 368
"../../../Engine/Plugins/Animation/ControlRig/Content/Controls/ControlRig_Square_solid.uasset" 369
"../../../Engine/Plugins/Animation/ControlRig/Content/Controls/ControlRig_Square_solid.uexp" 370
"../../../Engine/Plugins/Animation/ControlRig/Content/Controls/ControlRig_Square_3mm.ubulk" 371
"../../../Engine/Plugins/Animation/ControlRig/Content/Controls/ControlRig_Square_3mm.uasset" 372
"../../../Engine/Plugins/Animation/ControlRig/Content/Controls/ControlRig_Square_3mm.uexp" 373
"../../../Engine/Plugins/Animation/ControlRig/Content/Controls/ControlRig_Square_1mm.ubulk" 374
"../../../Engine/Plugins/Animation/ControlRig/Content/Controls/ControlRig_Square_1mm.uasset" 375
"../../../Engine/Plugins/Animation/ControlRig/Content/Controls/ControlRig_Square_1mm.uexp" 376
"../../../Engine/Plugins/Animation/ControlRig/Content/Controls/ControlRig_Sphere_solid.ubulk" 377
"../../../Engine/Plugins/Animation/ControlRig/Content/Controls/ControlRig_Sphere_solid.uasset" 378
"../../../Engine/Plugins/Animation/ControlRig/Content/Controls/ControlRig_Sphere_solid.uexp" 379
"../../../Engine/Plugins/Animation/ControlRig/Content/Controls/ControlRig_Sphere_3mm.ubulk" 380
"../../../Engine/Plugins/Animation/ControlRig/Content/Controls/ControlRig_Sphere_3mm.uasset" 381
"../../../Engine/Plugins/Animation/ControlRig/Content/Controls/ControlRig_Sphere_3mm.uexp" 382
"../../../Engine/Plugins/Animation/ControlRig/Content/Controls/ControlRig_Sphere_1mm.ubulk" 383
"../../../Engine/Plugins/Animation/ControlRig/Content/Controls/ControlRig_Sphere_1mm.uasset" 384
"../../../Engine/Plugins/Animation/ControlRig/Content/Controls/ControlRig_Sphere_1mm.uexp" 385
"../../../Engine/Plugins/Animation/ControlRig/Content/Controls/ControlRig_RoundedTriangle_solid.ubulk" 386
"../../../Engine/Plugins/Animation/ControlRig/Content/Controls/ControlRig_RoundedTriangle_solid.uasset" 387
"../../../Engine/Plugins/Animation/ControlRig/Content/Controls/ControlRig_RoundedTriangle_solid.uexp" 388
"../../../Engine/Plugins/Animation/ControlRig/Content/Controls/ControlRig_RoundedTriangle_3mm.ubulk" 389
"../../../Engine/Plugins/Animation/ControlRig/Content/Controls/ControlRig_RoundedTriangle_3mm.uasset" 390
"../../../Engine/Plugins/Animation/ControlRig/Content/Controls/ControlRig_RoundedTriangle_3mm.uexp" 391
"../../../Engine/Plugins/Animation/ControlRig/Content/Controls/ControlRig_RoundedTriangle_1mm.ubulk" 392
"../../../Engine/Plugins/Animation/ControlRig/Content/Controls/ControlRig_RoundedTriangle_1mm.uasset" 393
"../../../Engine/Plugins/Animation/ControlRig/Content/Controls/ControlRig_RoundedTriangle_1mm.uexp" 394
"../../../Engine/Plugins/Animation/ControlRig/Content/Controls/ControlRig_RoundedSquare_solid.ubulk" 395
"../../../Engine/Plugins/Animation/ControlRig/Content/Controls/ControlRig_RoundedSquare_solid.uasset" 396
"../../../Engine/Plugins/Animation/ControlRig/Content/Controls/ControlRig_RoundedSquare_solid.uexp" 397
"../../../Engine/Plugins/Animation/ControlRig/Content/Controls/ControlRig_RoundedSquare_3mm.ubulk" 398
"../../../Engine/Plugins/Animation/ControlRig/Content/Controls/ControlRig_RoundedSquare_3mm.uasset" 399
"../../../Engine/Plugins/Animation/ControlRig/Content/Controls/ControlRig_RoundedSquare_3mm.uexp" 400
"../../../Engine/Plugins/Animation/ControlRig/Content/Controls/ControlRig_RoundedSquare_1mm.ubulk" 401
"../../../Engine/Plugins/Animation/ControlRig/Content/Controls/ControlRig_RoundedSquare_1mm.uasset" 402
"../../../Engine/Plugins/Animation/ControlRig/Content/Controls/ControlRig_RoundedSquare_1mm.uexp" 403
"../../../Engine/Plugins/Animation/ControlRig/Content/Controls/ControlRig_QuarterCircle_solid.ubulk" 404
"../../../Engine/Plugins/Animation/ControlRig/Content/Controls/ControlRig_QuarterCircle_solid.uasset" 405
"../../../Engine/Plugins/Animation/ControlRig/Content/Controls/ControlRig_QuarterCircle_solid.uexp" 406
"../../../Engine/Plugins/Animation/ControlRig/Content/Controls/ControlRig_QuarterCircle_3mm.ubulk" 407
"../../../Engine/Plugins/Animation/ControlRig/Content/Controls/ControlRig_QuarterCircle_3mm.uasset" 408
"../../../Engine/Plugins/Animation/ControlRig/Content/Controls/ControlRig_QuarterCircle_3mm.uexp" 409
"../../../Engine/Plugins/Animation/ControlRig/Content/Controls/ControlRig_QuarterCircle_1mm.ubulk" 410
"../../../Engine/Plugins/Animation/ControlRig/Content/Controls/ControlRig_QuarterCircle_1mm.uasset" 411
"../../../Engine/Plugins/Animation/ControlRig/Content/Controls/ControlRig_QuarterCircle_1mm.uexp" 412
"../../../Engine/Plugins/Animation/ControlRig/Content/Controls/ControlRig_Pyramid_solid.ubulk" 413
"../../../Engine/Plugins/Animation/ControlRig/Content/Controls/ControlRig_Pyramid_solid.uasset" 414
"../../../Engine/Plugins/Animation/ControlRig/Content/Controls/ControlRig_Pyramid_solid.uexp" 415
"../../../Engine/Plugins/Animation/ControlRig/Content/Controls/ControlRig_Pyramid_3mm.ubulk" 416
"../../../Engine/Plugins/Animation/ControlRig/Content/Controls/ControlRig_Pyramid_3mm.uasset" 417
"../../../Engine/Plugins/Animation/ControlRig/Content/Controls/ControlRig_Pyramid_3mm.uexp" 418
"../../../Engine/Plugins/Animation/ControlRig/Content/Controls/ControlRig_Pyramid_1mm.ubulk" 419
"../../../Engine/Plugins/Animation/ControlRig/Content/Controls/ControlRig_Pyramid_1mm.uasset" 420
"../../../Engine/Plugins/Animation/ControlRig/Content/Controls/ControlRig_Pyramid_1mm.uexp" 421
"../../../Engine/Plugins/Animation/ControlRig/Content/Controls/ControlRig_Octagon_solid.ubulk" 422
"../../../Engine/Plugins/Animation/ControlRig/Content/Controls/ControlRig_Octagon_solid.uasset" 423
"../../../Engine/Plugins/Animation/ControlRig/Content/Controls/ControlRig_Octagon_solid.uexp" 424
"../../../Engine/Plugins/Animation/ControlRig/Content/Controls/ControlRig_Octagon_3mm.ubulk" 425
"../../../Engine/Plugins/Animation/ControlRig/Content/Controls/ControlRig_Octagon_3mm.uasset" 426
"../../../Engine/Plugins/Animation/ControlRig/Content/Controls/ControlRig_Octagon_3mm.uexp" 427
"../../../Engine/Plugins/Animation/ControlRig/Content/Controls/ControlRig_Octagon_1mm.ubulk" 428
"../../../Engine/Plugins/Animation/ControlRig/Content/Controls/ControlRig_Octagon_1mm.uasset" 429
"../../../Engine/Plugins/Animation/ControlRig/Content/Controls/ControlRig_Octagon_1mm.uexp" 430
"../../../Engine/Plugins/Animation/ControlRig/Content/Controls/ControlRig_Hexagon_solid.ubulk" 431
"../../../Engine/Plugins/Animation/ControlRig/Content/Controls/ControlRig_Hexagon_solid.uasset" 432
"../../../Engine/Plugins/Animation/ControlRig/Content/Controls/ControlRig_Hexagon_solid.uexp" 433
"../../../Engine/Plugins/Animation/ControlRig/Content/Controls/ControlRig_Hexagon_3mm.ubulk" 434
"../../../Engine/Plugins/Animation/ControlRig/Content/Controls/ControlRig_Hexagon_3mm.uasset" 435
"../../../Engine/Plugins/Animation/ControlRig/Content/Controls/ControlRig_Hexagon_3mm.uexp" 436
"../../../Engine/Plugins/Animation/ControlRig/Content/Controls/ControlRig_Hexagon_1mm.ubulk" 437
"../../../Engine/Plugins/Animation/ControlRig/Content/Controls/ControlRig_Hexagon_1mm.uasset" 438
"../../../Engine/Plugins/Animation/ControlRig/Content/Controls/ControlRig_Hexagon_1mm.uexp" 439
"../../../Engine/Plugins/Animation/ControlRig/Content/Controls/ControlRig_HalfCircle_solid.ubulk" 440
"../../../Engine/Plugins/Animation/ControlRig/Content/Controls/ControlRig_HalfCircle_solid.uasset" 441
"../../../Engine/Plugins/Animation/ControlRig/Content/Controls/ControlRig_HalfCircle_solid.uexp" 442
"../../../Engine/Plugins/Animation/ControlRig/Content/Controls/ControlRig_HalfCircle_3mm.ubulk" 443
"../../../Engine/Plugins/Animation/ControlRig/Content/Controls/ControlRig_HalfCircle_3mm.uasset" 444
"../../../Engine/Plugins/Animation/ControlRig/Content/Controls/ControlRig_HalfCircle_3mm.uexp" 445
"../../../Engine/Plugins/Animation/ControlRig/Content/Controls/ControlRig_HalfCircle_1mm.ubulk" 446
"../../../Engine/Plugins/Animation/ControlRig/Content/Controls/ControlRig_HalfCircle_1mm.uasset" 447
"../../../Engine/Plugins/Animation/ControlRig/Content/Controls/ControlRig_HalfCircle_1mm.uexp" 448
"../../../Engine/Plugins/Animation/ControlRig/Content/Controls/ControlRig_Diamond_solid.ubulk" 449
"../../../Engine/Plugins/Animation/ControlRig/Content/Controls/ControlRig_Diamond_solid.uasset" 450
"../../../Engine/Plugins/Animation/ControlRig/Content/Controls/ControlRig_Diamond_solid.uexp" 451
"../../../Engine/Plugins/Animation/ControlRig/Content/Controls/ControlRig_Diamond_3mm.ubulk" 452
"../../../Engine/Plugins/Animation/ControlRig/Content/Controls/ControlRig_Diamond_3mm.uasset" 453
"../../../Engine/Plugins/Animation/ControlRig/Content/Controls/ControlRig_Diamond_3mm.uexp" 454
"../../../Engine/Plugins/Animation/ControlRig/Content/Controls/ControlRig_Diamond_1mm.ubulk" 455
"../../../Engine/Plugins/Animation/ControlRig/Content/Controls/ControlRig_Diamond_1mm.uasset" 456
"../../../Engine/Plugins/Animation/ControlRig/Content/Controls/ControlRig_Diamond_1mm.uexp" 457
"../../../Engine/Plugins/Animation/ControlRig/Content/Controls/ControlRig_Circle_solid.ubulk" 458
"../../../Engine/Plugins/Animation/ControlRig/Content/Controls/ControlRig_Circle_solid.uasset" 459
"../../../Engine/Plugins/Animation/ControlRig/Content/Controls/ControlRig_Circle_solid.uexp" 460
"../../../Engine/Plugins/Animation/ControlRig/Content/Controls/ControlRig_Circle_3mm.ubulk" 461
"../../../Engine/Plugins/Animation/ControlRig/Content/Controls/ControlRig_Circle_3mm.uasset" 462
"../../../Engine/Plugins/Animation/ControlRig/Content/Controls/ControlRig_Circle_3mm.uexp" 463
"../../../Engine/Plugins/Animation/ControlRig/Content/Controls/ControlRig_Circle_1mm.ubulk" 464
"../../../Engine/Plugins/Animation/ControlRig/Content/Controls/ControlRig_Circle_1mm.uasset" 465
"../../../Engine/Plugins/Animation/ControlRig/Content/Controls/ControlRig_Circle_1mm.uexp" 466
"../../../Engine/Plugins/Animation/ControlRig/Content/Controls/ControlRig_Box_solid.ubulk" 467
"../../../Engine/Plugins/Animation/ControlRig/Content/Controls/ControlRig_Box_solid.uasset" 468
"../../../Engine/Plugins/Animation/ControlRig/Content/Controls/ControlRig_Box_solid.uexp" 469
"../../../Engine/Plugins/Animation/ControlRig/Content/Controls/ControlRig_Box_3mm.ubulk" 470
"../../../Engine/Plugins/Animation/ControlRig/Content/Controls/ControlRig_Box_3mm.uasset" 471
"../../../Engine/Plugins/Animation/ControlRig/Content/Controls/ControlRig_Box_3mm.uexp" 472
"../../../Engine/Plugins/Animation/ControlRig/Content/Controls/ControlRig_Box_1mm.ubulk" 473
"../../../Engine/Plugins/Animation/ControlRig/Content/Controls/ControlRig_Box_1mm.uasset" 474
"../../../Engine/Plugins/Animation/ControlRig/Content/Controls/ControlRig_Box_1mm.uexp" 475
"../../../Engine/Plugins/Animation/ControlRig/Content/Controls/ControlRig_Arrow_solid.ubulk" 476
"../../../Engine/Plugins/Animation/ControlRig/Content/Controls/ControlRig_Arrow_solid.uasset" 477
"../../../Engine/Plugins/Animation/ControlRig/Content/Controls/ControlRig_Arrow_solid.uexp" 478
"../../../Engine/Plugins/Animation/ControlRig/Content/Controls/ControlRig_Arrow_3mm.ubulk" 479
"../../../Engine/Plugins/Animation/ControlRig/Content/Controls/ControlRig_Arrow_3mm.uasset" 480
"../../../Engine/Plugins/Animation/ControlRig/Content/Controls/ControlRig_Arrow_3mm.uexp" 481
"../../../Engine/Plugins/Animation/ControlRig/Content/Controls/ControlRig_Arrow_1mm.ubulk" 482
"../../../Engine/Plugins/Animation/ControlRig/Content/Controls/ControlRig_Arrow_1mm.uasset" 483
"../../../Engine/Plugins/Animation/ControlRig/Content/Controls/ControlRig_Arrow_1mm.uexp" 484
"../../../Engine/Plugins/Animation/ControlRig/Content/Controls/ControlRig_Arrow4_solid.ubulk" 485
"../../../Engine/Plugins/Animation/ControlRig/Content/Controls/ControlRig_Arrow4_solid.uasset" 486
"../../../Engine/Plugins/Animation/ControlRig/Content/Controls/ControlRig_Arrow4_solid.uexp" 487
"../../../Engine/Plugins/Animation/ControlRig/Content/Controls/ControlRig_Arrow4_3mm.ubulk" 488
"../../../Engine/Plugins/Animation/ControlRig/Content/Controls/ControlRig_Arrow4_3mm.uasset" 489
"../../../Engine/Plugins/Animation/ControlRig/Content/Controls/ControlRig_Arrow4_3mm.uexp" 490
"../../../Engine/Plugins/Animation/ControlRig/Content/Controls/ControlRig_Arrow4_1mm.ubulk" 491
"../../../Engine/Plugins/Animation/ControlRig/Content/Controls/ControlRig_Arrow4_1mm.uasset" 492
"../../../Engine/Plugins/Animation/ControlRig/Content/Controls/ControlRig_Arrow4_1mm.uexp" 493
"../../../Engine/Plugins/Animation/ControlRig/Content/Controls/ControlRig_Arrow2_solid.ubulk" 494
"../../../Engine/Plugins/Animation/ControlRig/Content/Controls/ControlRig_Arrow2_solid.uasset" 495
"../../../Engine/Plugins/Animation/ControlRig/Content/Controls/ControlRig_Arrow2_solid.uexp" 496
"../../../Engine/Plugins/Animation/ControlRig/Content/Controls/ControlRig_Arrow2_3mm.ubulk" 497
"../../../Engine/Plugins/Animation/ControlRig/Content/Controls/ControlRig_Arrow2_3mm.uasset" 498
"../../../Engine/Plugins/Animation/ControlRig/Content/Controls/ControlRig_Arrow2_3mm.uexp" 499
"../../../Engine/Plugins/Animation/ControlRig/Content/Controls/ControlRig_Arrow2_1mm.ubulk" 500
"../../../Engine/Plugins/Animation/ControlRig/Content/Controls/ControlRig_Arrow2_1mm.uasset" 501
"../../../Engine/Plugins/Animation/ControlRig/Content/Controls/ControlRig_Arrow2_1mm.uexp" 502
"../../../Engine/Plugins/Animation/ControlRig/Content/Controls/ControlRigXRayMaterial.uasset" 503
"../../../Engine/Plugins/Animation/ControlRig/Content/Controls/ControlRigXRayMaterial.uexp" 504
"../../../Engine/Plugins/Animation/ControlRig/Content/Controls/ControlRigGizmoMaterial.uasset" 505
"../../../Engine/Plugins/Animation/ControlRig/Content/Controls/ControlRigGizmoMaterial.uexp" 506
"../../../Engine/Plugins/VirtualProduction/CameraCalibrationCore/Content/Materials/M_DefaultOddSquare.uasset" 507
"../../../Engine/Plugins/VirtualProduction/CameraCalibrationCore/Content/Materials/M_DefaultOddSquare.uexp" 508
"../../../Engine/Plugins/VirtualProduction/CameraCalibrationCore/Content/Materials/M_DefaultEvenSquare.uasset" 509
"../../../Engine/Plugins/VirtualProduction/CameraCalibrationCore/Content/Materials/M_DefaultEvenSquare.uexp" 510
"../../../Engine/Plugins/Runtime/HairStrands/Content/Materials/HairMeshesDefaultMaterial.uasset" 511
"../../../Engine/Plugins/Runtime/HairStrands/Content/Materials/HairMeshesDefaultMaterial.uexp" 512
"../../../Engine/Plugins/Runtime/HairStrands/Content/Materials/HairDefaultMaterial.uasset" 513
"../../../Engine/Plugins/Runtime/HairStrands/Content/Materials/HairDefaultMaterial.uexp" 514
"../../../Engine/Content/Functions/Engine_MaterialFunctions02/Utility/MakeFloat2.uasset" 515
"../../../Engine/Content/Functions/Engine_MaterialFunctions02/Utility/MakeFloat2.uexp" 516
"../../../Engine/Content/Functions/Engine_MaterialFunctions02/Utility/MakeFloat3.uasset" 517
"../../../Engine/Content/Functions/Engine_MaterialFunctions02/Utility/MakeFloat3.uexp" 518
"../../../Engine/Content/EngineMaterials/HairDebugColor.uasset" 519
"../../../Engine/Content/EngineMaterials/HairDebugColor.uexp" 520
"../../../Engine/Content/EngineMaterials/HairColorMap.uasset" 521
"../../../Engine/Content/EngineMaterials/HairColorMap.uexp" 522
"../../../Engine/Plugins/Runtime/HairStrands/Content/Materials/HairGroupColors.uasset" 523
"../../../Engine/Plugins/Runtime/HairStrands/Content/Materials/HairGroupColors.uexp" 524
"../../../Engine/Plugins/Runtime/HairStrands/Content/Materials/HairDebugMaterial.uasset" 525
"../../../Engine/Plugins/Runtime/HairStrands/Content/Materials/HairDebugMaterial.uexp" 526
"../../../Engine/Plugins/Runtime/HairStrands/Content/Materials/HairCardsDefaultMaterial.uasset" 527
"../../../Engine/Plugins/Runtime/HairStrands/Content/Materials/HairCardsDefaultMaterial.uexp" 528
"../../../Engine/Plugins/Runtime/AudioWidgets/Content/Resources/ScrubHandleDown_Clamped.uasset" 529
"../../../Engine/Plugins/Runtime/AudioWidgets/Content/Resources/ScrubHandleDown_Clamped.uexp" 530
"../../../Engine/Plugins/Interchange/Assets/Content/Functions/MX_UsdPreviewSurface.uasset" 531
"../../../Engine/Plugins/Interchange/Assets/Content/Functions/MX_UsdPreviewSurface.uexp" 532
"../../../Engine/Plugins/Interchange/Assets/Content/Functions/MX_UniformEDF.uasset" 533
"../../../Engine/Plugins/Interchange/Assets/Content/Functions/MX_UniformEDF.uexp" 534
"../../../Engine/Plugins/Interchange/Assets/Content/Functions/MX_TranslucentBSDF.uasset" 535
"../../../Engine/Plugins/Interchange/Assets/Content/Functions/MX_TranslucentBSDF.uexp" 536
"../../../Engine/Plugins/Interchange/Assets/Content/Functions/MX_ThinFilmBSDF.uasset" 537
"../../../Engine/Plugins/Interchange/Assets/Content/Functions/MX_ThinFilmBSDF.uexp" 538
"../../../Engine/Plugins/Interchange/Assets/Content/Functions/MX_SurfaceUnlit.uasset" 539
"../../../Engine/Plugins/Interchange/Assets/Content/Functions/MX_SurfaceUnlit.uexp" 540
"../../../Engine/Plugins/Interchange/Assets/Content/Functions/MX_Surface.uasset" 541
"../../../Engine/Plugins/Interchange/Assets/Content/Functions/MX_Surface.uexp" 542
"../../../Engine/Plugins/Interchange/Assets/Content/Functions/MX_SubsurfaceBSDF.uasset" 543
"../../../Engine/Plugins/Interchange/Assets/Content/Functions/MX_SubsurfaceBSDF.uexp" 544
"../../../Engine/Plugins/Interchange/Assets/Content/Functions/MX_SheenBSDF.uasset" 545
"../../../Engine/Plugins/Interchange/Assets/Content/Functions/MX_SheenBSDF.uexp" 546
"../../../Engine/Plugins/Interchange/Assets/Content/Functions/MX_OrenNayarBSDF.uasset" 547
"../../../Engine/Plugins/Interchange/Assets/Content/Functions/MX_OrenNayarBSDF.uexp" 548
"../../../Engine/Plugins/Interchange/Assets/Content/Functions/MF_IridescenceNoLUT.uasset" 549
"../../../Engine/Plugins/Interchange/Assets/Content/Functions/MF_IridescenceNoLUT.uexp" 550
"../../../Engine/Plugins/Interchange/Assets/Content/Functions/MX_StandardSurface.uasset" 551
"../../../Engine/Plugins/Interchange/Assets/Content/Functions/MX_StandardSurface.uexp" 552
"../../../Engine/Plugins/Interchange/Assets/Content/Functions/MX_TransmissionSurface.uasset" 553
"../../../Engine/Plugins/Interchange/Assets/Content/Functions/MX_TransmissionSurface.uexp" 554
"../../../Engine/Plugins/Interchange/Assets/Content/Functions/MX_OpenPBR_Translucent.uasset" 555
"../../../Engine/Plugins/Interchange/Assets/Content/Functions/MX_OpenPBR_Translucent.uexp" 556
"../../../Engine/Plugins/Interchange/Assets/Content/Functions/MX_OpenPBR_Opaque.uasset" 557
"../../../Engine/Plugins/Interchange/Assets/Content/Functions/MX_OpenPBR_Opaque.uexp" 558
"../../../Engine/Plugins/Interchange/Assets/Content/Functions/MX_MeasuredEDF.uasset" 559
"../../../Engine/Plugins/Interchange/Assets/Content/Functions/MX_MeasuredEDF.uexp" 560
"../../../Engine/Plugins/Interchange/Assets/Content/Functions/MX_GeneralizedSchlickBSDF.uasset" 561
"../../../Engine/Plugins/Interchange/Assets/Content/Functions/MX_GeneralizedSchlickBSDF.uexp" 562
"../../../Engine/Plugins/Interchange/Assets/Content/Functions/MX_Displacement.uasset" 563
"../../../Engine/Plugins/Interchange/Assets/Content/Functions/MX_Displacement.uexp" 564
"../../../Engine/Plugins/Interchange/Assets/Content/Functions/MX_DielectricBSDF.uasset" 565
"../../../Engine/Plugins/Interchange/Assets/Content/Functions/MX_DielectricBSDF.uexp" 566
"../../../Engine/Plugins/Interchange/Assets/Content/Functions/MX_ConicalEDF.uasset" 567
"../../../Engine/Plugins/Interchange/Assets/Content/Functions/MX_ConicalEDF.uexp" 568
"../../../Engine/Plugins/Interchange/Assets/Content/Functions/MX_ConductorBSDF.uasset" 569
"../../../Engine/Plugins/Interchange/Assets/Content/Functions/MX_ConductorBSDF.uexp" 570
"../../../Engine/Plugins/Interchange/Assets/Content/Functions/MX_BurleyDiffuseBSDF.uasset" 571
"../../../Engine/Plugins/Interchange/Assets/Content/Functions/MX_BurleyDiffuseBSDF.uexp" 572
"../../../Engine/Plugins/Interchange/Assets/Content/Functions/MX_AnisotropicVDF.uasset" 573
"../../../Engine/Plugins/Interchange/Assets/Content/Functions/MX_AnisotropicVDF.uexp" 574
"../../../Engine/Plugins/Interchange/Assets/Content/Functions/MX_AbsorptionVDF.uasset" 575
"../../../Engine/Plugins/Interchange/Assets/Content/Functions/MX_AbsorptionVDF.uexp" 576
"../../../Engine/Content/EditorMaterials/Dataflow/DataflowVertexMaterial.uasset" 577
"../../../Engine/Content/EditorMaterials/Dataflow/DataflowVertexMaterial.uexp" 578
"../../../Engine/Content/EditorMaterials/Dataflow/DataflowTwoSidedVertexMaterial.uasset" 579
"../../../Engine/Content/EditorMaterials/Dataflow/DataflowTwoSidedVertexMaterial.uexp" 580
"../../../Engine/Content/EditorMaterials/Camera/CineMat.uasset" 581
"../../../Engine/Content/EditorMaterials/Camera/CineMat.uexp" 582
"../../../Engine/Content/EditorMaterials/Camera/MI_CineMat_Rig.uasset" 583
"../../../Engine/Content/EditorMaterials/Camera/MI_CineMat_Rig.uexp" 584
"../../../Engine/Content/EditorMeshes/Camera/SM_RailRig_Track.ubulk" 585
"../../../Engine/Content/EditorMeshes/Camera/SM_RailRig_Track.uasset" 586
"../../../Engine/Content/EditorMeshes/Camera/SM_RailRig_Track.uexp" 587
"../../../Engine/Content/EditorMeshes/Camera/SM_RailRig_Mount.ubulk" 588
"../../../Engine/Content/EditorMeshes/Camera/SM_RailRig_Mount.uasset" 589
"../../../Engine/Content/EditorMeshes/Camera/SM_RailRig_Mount.uexp" 590
"../../../Engine/Content/EditorMeshes/Camera/SM_CraneRig_Mount.ubulk" 591
"../../../Engine/Content/EditorMeshes/Camera/SM_CraneRig_Mount.uasset" 592
"../../../Engine/Content/EditorMeshes/Camera/SM_CraneRig_Mount.uexp" 593
"../../../Engine/Content/EditorMeshes/Camera/SM_CraneRig_Body.ubulk" 594
"../../../Engine/Content/EditorMeshes/Camera/SM_CraneRig_Body.uasset" 595
"../../../Engine/Content/EditorMeshes/Camera/SM_CraneRig_Body.uexp" 596
"../../../Engine/Content/EditorMeshes/Camera/SM_CraneRig_Base.ubulk" 597
"../../../Engine/Content/EditorMeshes/Camera/SM_CraneRig_Base.uasset" 598
"../../../Engine/Content/EditorMeshes/Camera/SM_CraneRig_Base.uexp" 599
"../../../Engine/Content/EditorMeshes/Camera/SM_CraneRig_Arm.ubulk" 600
"../../../Engine/Content/EditorMeshes/Camera/SM_CraneRig_Arm.uasset" 601
"../../../Engine/Content/EditorMeshes/Camera/SM_CraneRig_Arm.uexp" 602
"../../../Engine/Content/EditorMaterials/ParticleSystems/PSysThumbnail_OOD.ubulk" 603
"../../../Engine/Content/EditorMaterials/ParticleSystems/PSysThumbnail_OOD.uasset" 604
"../../../Engine/Content/EditorMaterials/ParticleSystems/PSysThumbnail_OOD.uexp" 605
"../../../Engine/Content/EditorMaterials/ParticleSystems/PSysThumbnail_NoImage.ubulk" 606
"../../../Engine/Content/EditorMaterials/ParticleSystems/PSysThumbnail_NoImage.uasset" 607
"../../../Engine/Content/EditorMaterials/ParticleSystems/PSysThumbnail_NoImage.uexp" 608
"../../../Engine/Content/EngineResources/FilmGrains/Marcie_Grain_v3_128_M2_000.uasset" 609
"../../../Engine/Content/EngineResources/FilmGrains/Marcie_Grain_v3_128_M2_000.uexp" 610
"../../../Engine/Content/EngineResources/Development/ZenLogo_64.uasset" 611
"../../../Engine/Content/EngineResources/Development/ZenLogo_64.uexp" 612
"../../../Engine/Content/EngineMaterials/LTC/Sheen_LTC.uasset" 613
"../../../Engine/Content/EngineMaterials/LTC/Sheen_LTC.uexp" 614
"../../../Engine/Content/EngineMaterials/LTC/GGX_LTCMat.uasset" 615
"../../../Engine/Content/EngineMaterials/LTC/GGX_LTCMat.uexp" 616
"../../../Engine/Content/EngineMaterials/LTC/GGX_LTCAmp.uasset" 617
"../../../Engine/Content/EngineMaterials/LTC/GGX_LTCAmp.uexp" 618
"../../../Engine/Content/EngineMaterials/EnergyConservation/Sheen_Energy.uasset" 619
"../../../Engine/Content/EngineMaterials/EnergyConservation/Sheen_Energy.uexp" 620
"../../../Engine/Content/EngineMaterials/EnergyConservation/SheenLegacy_Energy.uasset" 621
"../../../Engine/Content/EngineMaterials/EnergyConservation/SheenLegacy_Energy.uexp" 622
"../../../Engine/Content/EngineMaterials/EnergyConservation/GGX_TransmissionEnergyArray.uasset" 623
"../../../Engine/Content/EngineMaterials/EnergyConservation/GGX_TransmissionEnergyArray.uexp" 624
"../../../Engine/Content/EngineMaterials/EnergyConservation/GGX_ReflectionEnergy.uasset" 625
"../../../Engine/Content/EngineMaterials/EnergyConservation/GGX_ReflectionEnergy.uexp" 626
"../../../Engine/Content/EngineMaterials/EnergyConservation/Diffuse_Energy.uasset" 627
"../../../Engine/Content/EngineMaterials/EnergyConservation/Diffuse_Energy.uexp" 628
"../../../Engine/Content/EditorResources/SequenceRecorder/RecordingIndicator.uasset" 629
"../../../Engine/Content/EditorResources/SequenceRecorder/RecordingIndicator.uexp" 630
"../../../Engine/Content/EditorResources/SequenceRecorder/Countdown.uasset" 631
"../../../Engine/Content/EditorResources/SequenceRecorder/Countdown.uexp" 632
"../../../Engine/Content/VREditor/TransformGizmo/Xray.uasset" 633
"../../../Engine/Content/VREditor/TransformGizmo/Xray.uexp" 634
"../../../Engine/Content/VREditor/TransformGizmo/Main.uasset" 635
"../../../Engine/Content/VREditor/TransformGizmo/Main.uexp" 636
"../../../Engine/Content/VREditor/TransformGizmo/SM_Sequencer_Node.ubulk" 637
"../../../Engine/Content/VREditor/TransformGizmo/SM_Sequencer_Node.uasset" 638
"../../../Engine/Content/VREditor/TransformGizmo/SM_Sequencer_Node.uexp" 639
"../../../Engine/Content/VREditor/TransformGizmo/TranslucentTransformGizmoMaterial.uasset" 640
"../../../Engine/Content/VREditor/TransformGizmo/TranslucentTransformGizmoMaterial.uexp" 641
"../../../Engine/Content/VREditor/LaserPointer/VR_LaserPower_01.ubulk" 642
"../../../Engine/Content/VREditor/LaserPointer/VR_LaserPower_01.uasset" 643
"../../../Engine/Content/VREditor/LaserPointer/VR_LaserPower_01.uexp" 644
"../../../Engine/Content/VREditor/TransformGizmo/TransformGizmoMaterial.uasset" 645
"../../../Engine/Content/VREditor/TransformGizmo/TransformGizmoMaterial.uexp" 646
"../../../Engine/Content/VREditor/TransformGizmo/BoundingBoxEdge.ubulk" 647
"../../../Engine/Content/VREditor/TransformGizmo/BoundingBoxEdge.uasset" 648
"../../../Engine/Content/VREditor/TransformGizmo/BoundingBoxEdge.uexp" 649
"../../../Engine/Content/VREditor/TransformGizmo/BoundingBoxCorner.ubulk" 650
"../../../Engine/Content/VREditor/TransformGizmo/BoundingBoxCorner.uasset" 651
"../../../Engine/Content/VREditor/TransformGizmo/BoundingBoxCorner.uexp" 652
"C:/VNGameKit/VNGameKit/Content/Textures/InGame/TX_UI_Ingame_HP_Blank.uasset" 653
"C:/VNGameKit/VNGameKit/Content/Textures/InGame/TX_UI_Ingame_HP_Blank.uexp" 654
"C:/VNGameKit/VNGameKit/Content/Textures/InGame/TX_UI_Ingame_HP_BG.uasset" 655
"C:/VNGameKit/VNGameKit/Content/Textures/InGame/TX_UI_Ingame_HP_BG.uexp" 656
"C:/VNGameKit/VNGameKit/Content/Textures/InGame/TX_UI_Ingame_HP.uasset" 657
"C:/VNGameKit/VNGameKit/Content/Textures/InGame/TX_UI_Ingame_HP.uexp" 658
"C:/VNGameKit/VNGameKit/Content/Data/Structs/ST_LogEntry.uasset" 659
"C:/VNGameKit/VNGameKit/Content/Data/Structs/ST_LogEntry.uexp" 660
"C:/VNGameKit/VNGameKit/Content/Blueprints/Utility/BFL_File.uasset" 661
"C:/VNGameKit/VNGameKit/Content/Blueprints/Utility/BFL_File.uexp" 662
"../../../Engine/Content/Functions/Engine_MaterialFunctions01/Gradient/BoxMask-2D.uasset" 663
"../../../Engine/Content/Functions/Engine_MaterialFunctions01/Gradient/BoxMask-2D.uexp" 664
"../../../Engine/Content/Functions/UserInterface/GetUserInterfaceUV.uasset" 665
"../../../Engine/Content/Functions/UserInterface/GetUserInterfaceUV.uexp" 666
"C:/VNGameKit/VNGameKit/Content/Materials/MT_Button.uasset" 667
"C:/VNGameKit/VNGameKit/Content/Materials/MT_Button.uexp" 668
"C:/VNGameKit/VNGameKit/Content/Fonts/GenEiLateMin_v2.uexp" 669
"C:/VNGameKit/VNGameKit/Content/Fonts/GenEiLateMin_v2.uasset" 670
"C:/VNGameKit/VNGameKit/Content/Fonts/GenEiLateMin_v2.ufont" 671
"C:/VNGameKit/VNGameKit/Content/Fonts/GenEiLateMin_v2_Font.uasset" 672
"C:/VNGameKit/VNGameKit/Content/Fonts/GenEiLateMin_v2_Font.uexp" 673
"C:/VNGameKit/VNGameKit/Content/Data/BP_SaveGame.uasset" 674
"C:/VNGameKit/VNGameKit/Content/Data/BP_SaveGame.uexp" 675
"C:/VNGameKit/VNGameKit/Content/Data/BP_FlagData.uasset" 676
"C:/VNGameKit/VNGameKit/Content/Data/BP_FlagData.uexp" 677
"C:/VNGameKit/VNGameKit/Content/Data/Enum/E_Type.uasset" 678
"C:/VNGameKit/VNGameKit/Content/Data/Enum/E_Type.uexp" 679
"C:/VNGameKit/VNGameKit/Content/Data/Enum/E_ScreenSize.uasset" 680
"C:/VNGameKit/VNGameKit/Content/Data/Enum/E_ScreenSize.uexp" 681
"C:/VNGameKit/VNGameKit/Content/Data/BP_GlobalSave.uasset" 682
"C:/VNGameKit/VNGameKit/Content/Data/BP_GlobalSave.uexp" 683
"C:/VNGameKit/VNGameKit/Content/Data/Structs/ST_Scenario.uasset" 684
"C:/VNGameKit/VNGameKit/Content/Data/Structs/ST_Scenario.uexp" 685
"C:/VNGameKit/VNGameKit/Content/Data/Structs/ST_RollResult.uasset" 686
"C:/VNGameKit/VNGameKit/Content/Data/Structs/ST_RollResult.uexp" 687
"C:/VNGameKit/VNGameKit/Content/Blueprints/Utility/BFL_Culc.uasset" 688
"C:/VNGameKit/VNGameKit/Content/Blueprints/Utility/BFL_Culc.uexp" 689
"C:/VNGameKit/VNGameKit/Content/Fonts/MPLUS1-ExtraBold.uexp" 690
"C:/VNGameKit/VNGameKit/Content/Fonts/MPLUS1-ExtraBold.uasset" 691
"C:/VNGameKit/VNGameKit/Content/Fonts/MPLUS1-ExtraBold.ufont" 692
"C:/VNGameKit/VNGameKit/Content/Fonts/MPLUS1-ExtraBold_Font.uasset" 693
"C:/VNGameKit/VNGameKit/Content/Fonts/MPLUS1-ExtraBold_Font.uexp" 694
"C:/VNGameKit/VNGameKit/Content/Textures/InGame/TX_UI_Ingame_OptionButton_Skip.uasset" 695
"C:/VNGameKit/VNGameKit/Content/Textures/InGame/TX_UI_Ingame_OptionButton_Skip.uexp" 696
"C:/VNGameKit/VNGameKit/Content/Textures/InGame/TX_UI_Ingame_OptionButton_Save.uasset" 697
"C:/VNGameKit/VNGameKit/Content/Textures/InGame/TX_UI_Ingame_OptionButton_Save.uexp" 698
"C:/VNGameKit/VNGameKit/Content/Textures/InGame/TX_UI_Ingame_OptionButton_Log.uasset" 699
"C:/VNGameKit/VNGameKit/Content/Textures/InGame/TX_UI_Ingame_OptionButton_Log.uexp" 700
"C:/VNGameKit/VNGameKit/Content/Textures/InGame/TX_UI_Ingame_OptionButton_Load.uasset" 701
"C:/VNGameKit/VNGameKit/Content/Textures/InGame/TX_UI_Ingame_OptionButton_Load.uexp" 702
"C:/VNGameKit/VNGameKit/Content/Textures/InGame/TX_UI_Ingame_DateBG.uasset" 703
"C:/VNGameKit/VNGameKit/Content/Textures/InGame/TX_UI_Ingame_DateBG.uexp" 704
"C:/VNGameKit/VNGameKit/Content/Blueprints/Utility/BI_EventHandler.uasset" 705
"C:/VNGameKit/VNGameKit/Content/Blueprints/Utility/BI_EventHandler.uexp" 706
"../../../Engine/Content/EngineResources/DefaultTexture.ubulk" 707
"../../../Engine/Content/EngineResources/DefaultTexture.uasset" 708
"../../../Engine/Content/EngineResources/DefaultTexture.uexp" 709
"C:/VNGameKit/VNGameKit/Content/Materials/MT_ListGradient.uasset" 710
"C:/VNGameKit/VNGameKit/Content/Materials/MT_ListGradient.uexp" 711
"C:/VNGameKit/VNGameKit/Content/Data/BP_LogData.uasset" 712
"C:/VNGameKit/VNGameKit/Content/Data/BP_LogData.uexp" 713
"C:/VNGameKit/VNGameKit/Content/Textures/Log/TX_UI_Log_Title.uasset" 714
"C:/VNGameKit/VNGameKit/Content/Textures/Log/TX_UI_Log_Title.uexp" 715
"C:/VNGameKit/VNGameKit/Content/Textures/Log/TX_UI_Log_CloseButton.uasset" 716
"C:/VNGameKit/VNGameKit/Content/Textures/Log/TX_UI_Log_CloseButton.uexp" 717
"C:/VNGameKit/VNGameKit/Content/Textures/Common/TX_UI_Common_WindowFrame.uasset" 718
"C:/VNGameKit/VNGameKit/Content/Textures/Common/TX_UI_Common_WindowFrame.uexp" 719
"C:/VNGameKit/VNGameKit/Content/Textures/Log/TX_UI_Log_ChoiceBG_Frame.uasset" 720
"C:/VNGameKit/VNGameKit/Content/Textures/Log/TX_UI_Log_ChoiceBG_Frame.uexp" 721
"C:/VNGameKit/VNGameKit/Content/Blueprints/UI/Log/WBP_LogItemView.uasset" 722
"C:/VNGameKit/VNGameKit/Content/Blueprints/UI/Log/WBP_LogItemView.uexp" 723
"C:/VNGameKit/VNGameKit/Content/Blueprints/UI/Log/WBP_Log.uasset" 724
"C:/VNGameKit/VNGameKit/Content/Blueprints/UI/Log/WBP_Log.uexp" 725
"../../../Engine/Content/Functions/Engine_MaterialFunctions02/ExampleContent/Textures/flipbook.ubulk" 726
"../../../Engine/Content/Functions/Engine_MaterialFunctions02/ExampleContent/Textures/flipbook.uasset" 727
"../../../Engine/Content/Functions/Engine_MaterialFunctions02/ExampleContent/Textures/flipbook.uexp" 728
"../../../Engine/Content/Functions/Engine_MaterialFunctions01/Texturing/ComputeMipLevel.uasset" 729
"../../../Engine/Content/Functions/Engine_MaterialFunctions01/Texturing/ComputeMipLevel.uexp" 730
"../../../Engine/Content/Functions/Engine_MaterialFunctions02/ExampleContent/Textures/DebugNumberPeriod.uasset" 731
"../../../Engine/Content/Functions/Engine_MaterialFunctions02/ExampleContent/Textures/DebugNumberPeriod.uexp" 732
"../../../Engine/Content/Functions/Engine_MaterialFunctions02/Utility/DebugScalarValues.uasset" 733
"../../../Engine/Content/Functions/Engine_MaterialFunctions02/Utility/DebugScalarValues.uexp" 734
"../../../Engine/Content/Functions/Engine_MaterialFunctions02/Utility/DebugFloat2Values.uasset" 735
"../../../Engine/Content/Functions/Engine_MaterialFunctions02/Utility/DebugFloat2Values.uexp" 736
"../../../Engine/Content/Functions/Engine_MaterialFunctions02/Texturing/FlipBook.uasset" 737
"../../../Engine/Content/Functions/Engine_MaterialFunctions02/Texturing/FlipBook.uexp" 738
"C:/VNGameKit/VNGameKit/Content/Textures/InGame/pagebreak_celanim.uasset" 739
"C:/VNGameKit/VNGameKit/Content/Textures/InGame/pagebreak_celanim.uexp" 740
"C:/VNGameKit/VNGameKit/Content/Materials/MT_PageIndicator.uasset" 741
"C:/VNGameKit/VNGameKit/Content/Materials/MT_PageIndicator.uexp" 742
"C:/VNGameKit/VNGameKit/Content/Textures/InGame/TX_UI_Ingame_TextBG.uasset" 743
"C:/VNGameKit/VNGameKit/Content/Textures/InGame/TX_UI_Ingame_TextBG.uexp" 744
"C:/VNGameKit/VNGameKit/Content/Blueprints/Utility/BFL_String.uasset" 745
"C:/VNGameKit/VNGameKit/Content/Blueprints/Utility/BFL_String.uexp" 746
"C:/VNGameKit/VNGameKit/Content/Blueprints/UI/HUD/WBP_MessageBox.uasset" 747
"C:/VNGameKit/VNGameKit/Content/Blueprints/UI/HUD/WBP_MessageBox.uexp" 748
"C:/VNGameKit/VNGameKit/Content/Textures/InGame/TX_UI_Ingame_ChoiceBG_Normal.uasset" 749
"C:/VNGameKit/VNGameKit/Content/Textures/InGame/TX_UI_Ingame_ChoiceBG_Normal.uexp" 750
"C:/VNGameKit/VNGameKit/Content/Textures/InGame/TX_UI_Ingame_ChoiceBG_Hover.uasset" 751
"C:/VNGameKit/VNGameKit/Content/Textures/InGame/TX_UI_Ingame_ChoiceBG_Hover.uexp" 752
"C:/VNGameKit/VNGameKit/Content/Textures/InGame/TX_UI_Ingame_ChoiceBG_Decision.uasset" 753
"C:/VNGameKit/VNGameKit/Content/Textures/InGame/TX_UI_Ingame_ChoiceBG_Decision.uexp" 754
"C:/VNGameKit/VNGameKit/Content/Blueprints/UI/HUD/WBP_Choice.uasset" 755
"C:/VNGameKit/VNGameKit/Content/Blueprints/UI/HUD/WBP_Choice.uexp" 756
"C:/VNGameKit/VNGameKit/Content/Blueprints/UI/HUD/WBP_HUD.uasset" 757
"C:/VNGameKit/VNGameKit/Content/Blueprints/UI/HUD/WBP_HUD.uexp" 758
"C:/VNGameKit/VNGameKit/Content/Blueprints/Core/BP_GameInstance.uasset" 759
"C:/VNGameKit/VNGameKit/Content/Blueprints/Core/BP_GameInstance.uexp" 760
"C:/VNGameKit/VNGameKit/Content/Blueprints/UI/Debug/WBP_FlagsItemView.uasset" 761
"C:/VNGameKit/VNGameKit/Content/Blueprints/UI/Debug/WBP_FlagsItemView.uexp" 762
"C:/VNGameKit/VNGameKit/Content/Blueprints/UI/Debug/WBP_FlagsListView.uasset" 763
"C:/VNGameKit/VNGameKit/Content/Blueprints/UI/Debug/WBP_FlagsListView.uexp" 764
"C:/VNGameKit/VNGameKit/Content/Data/BP_StatusData.uasset" 765
"C:/VNGameKit/VNGameKit/Content/Data/BP_StatusData.uexp" 766
"C:/VNGameKit/VNGameKit/Content/Blueprints/UI/Debug/WBP_StatusItemView.uasset" 767
"C:/VNGameKit/VNGameKit/Content/Blueprints/UI/Debug/WBP_StatusItemView.uexp" 768
"C:/VNGameKit/VNGameKit/Content/Blueprints/UI/Debug/WBP_StatusListView.uasset" 769
"C:/VNGameKit/VNGameKit/Content/Blueprints/UI/Debug/WBP_StatusListView.uexp" 770
"C:/VNGameKit/VNGameKit/Content/Blueprints/UI/Debug/WBP_DebugPanel.uasset" 771
"C:/VNGameKit/VNGameKit/Content/Blueprints/UI/Debug/WBP_DebugPanel.uexp" 772
"C:/VNGameKit/VNGameKit/Content/Blueprints/Core/BP_PlayerController.uasset" 773
"C:/VNGameKit/VNGameKit/Content/Blueprints/Core/BP_PlayerController.uexp" 774
"C:/VNGameKit/VNGameKit/Content/Blueprints/Core/BP_Gamemode.uasset" 775
"C:/VNGameKit/VNGameKit/Content/Blueprints/Core/BP_Gamemode.uexp" 776
"../../../Engine/Plugins/Interchange/Assets/Content/gltf/Textures/T_White_srgb.uasset" 777
"../../../Engine/Plugins/Interchange/Assets/Content/gltf/Textures/T_White_srgb.uexp" 778
"../../../Engine/Plugins/Interchange/Assets/Content/gltf/MaterialFunctions/MF_BaseColor.uasset" 779
"../../../Engine/Plugins/Interchange/Assets/Content/gltf/MaterialFunctions/MF_BaseColor.uexp" 780
"../../../Engine/Plugins/Interchange/Assets/Content/gltf/MaterialFunctions/MF_RotateV2.uasset" 781
"../../../Engine/Plugins/Interchange/Assets/Content/gltf/MaterialFunctions/MF_RotateV2.uexp" 782
"../../../Engine/Plugins/Interchange/Assets/Content/gltf/MaterialFunctions/MF_TransformUVs.uasset" 783
"../../../Engine/Plugins/Interchange/Assets/Content/gltf/MaterialFunctions/MF_TransformUVs.uexp" 784
"../../../Engine/Plugins/Interchange/Assets/Content/gltf/MaterialBodies/MF_Unlit_Body.uasset" 785
"../../../Engine/Plugins/Interchange/Assets/Content/gltf/MaterialBodies/MF_Unlit_Body.uexp" 786
"../../../Engine/Plugins/Interchange/Assets/Content/gltf/M_Unlit.uasset" 787
"../../../Engine/Plugins/Interchange/Assets/Content/gltf/M_Unlit.uexp" 788
"../../../Engine/Plugins/Interchange/Assets/Content/gltf/MaterialInstances/MI_Unlit_Opaque_DS.uasset" 789
"../../../Engine/Plugins/Interchange/Assets/Content/gltf/MaterialInstances/MI_Unlit_Opaque_DS.uexp" 790
"../../../Engine/Plugins/Interchange/Assets/Content/gltf/MaterialInstances/MI_Unlit_Opaque.uasset" 791
"../../../Engine/Plugins/Interchange/Assets/Content/gltf/MaterialInstances/MI_Unlit_Opaque.uexp" 792
"../../../Engine/Plugins/Interchange/Assets/Content/gltf/MaterialInstances/MI_Unlit_Mask_DS.uasset" 793
"../../../Engine/Plugins/Interchange/Assets/Content/gltf/MaterialInstances/MI_Unlit_Mask_DS.uexp" 794
"../../../Engine/Plugins/Interchange/Assets/Content/gltf/MaterialInstances/MI_Unlit_Mask.uasset" 795
"../../../Engine/Plugins/Interchange/Assets/Content/gltf/MaterialInstances/MI_Unlit_Mask.uexp" 796
"../../../Engine/Plugins/Interchange/Assets/Content/gltf/MaterialInstances/MI_Unlit_Blend_DS.uasset" 797
"../../../Engine/Plugins/Interchange/Assets/Content/gltf/MaterialInstances/MI_Unlit_Blend_DS.uexp" 798
"../../../Engine/Plugins/Interchange/Assets/Content/gltf/MaterialInstances/MI_Unlit_Blend.uasset" 799
"../../../Engine/Plugins/Interchange/Assets/Content/gltf/MaterialInstances/MI_Unlit_Blend.uexp" 800
"../../../Engine/Content/EngineMaterials/Good64x64TilingNoiseHighFreq.uasset" 801
"../../../Engine/Content/EngineMaterials/Good64x64TilingNoiseHighFreq.uexp" 802
"../../../Engine/Content/Functions/Engine_MaterialFunctions02/Texturing/ScreenAlignedPixelToPixelUVs.uasset" 803
"../../../Engine/Content/Functions/Engine_MaterialFunctions02/Texturing/ScreenAlignedPixelToPixelUVs.uexp" 804
"../../../Engine/Plugins/Interchange/Assets/Content/Utilities/New_LUT.uasset" 805
"../../../Engine/Plugins/Interchange/Assets/Content/Utilities/New_LUT.uexp" 806
"../../../Engine/Content/Functions/Engine_MaterialFunctions03/Math/RemapValueRange.uasset" 807
"../../../Engine/Content/Functions/Engine_MaterialFunctions03/Math/RemapValueRange.uexp" 808
"../../../Engine/Plugins/Interchange/Assets/Content/Functions/MF_Iridescence.uasset" 809
"../../../Engine/Plugins/Interchange/Assets/Content/Functions/MF_Iridescence.uexp" 810
"../../../Engine/Plugins/Interchange/Assets/Content/gltf/MaterialFunctions/MF_Fresnel_DS.uasset" 811
"../../../Engine/Plugins/Interchange/Assets/Content/gltf/MaterialFunctions/MF_Fresnel_DS.uexp" 812
"../../../Engine/Plugins/Interchange/Assets/Content/gltf/MaterialFunctions/MF_IOR.uasset" 813
"../../../Engine/Plugins/Interchange/Assets/Content/gltf/MaterialFunctions/MF_IOR.uexp" 814
"../../../Engine/Plugins/Interchange/Assets/Content/gltf/MaterialFunctions/MF_Iridescence.uasset" 815
"../../../Engine/Plugins/Interchange/Assets/Content/gltf/MaterialFunctions/MF_Iridescence.uexp" 816
"../../../Engine/Plugins/Interchange/Assets/Content/gltf/Textures/T_White_Linear.uasset" 817
"../../../Engine/Plugins/Interchange/Assets/Content/gltf/Textures/T_White_Linear.uexp" 818
"../../../Engine/Plugins/Interchange/Assets/Content/gltf/MaterialFunctions/MF_MetallicRoughness.uasset" 819
"../../../Engine/Plugins/Interchange/Assets/Content/gltf/MaterialFunctions/MF_MetallicRoughness.uexp" 820
"../../../Engine/Content/Functions/Engine_MaterialFunctions02/Math/Transform3x3Matrix.uasset" 821
"../../../Engine/Content/Functions/Engine_MaterialFunctions02/Math/Transform3x3Matrix.uexp" 822
"../../../Engine/Plugins/Interchange/Assets/Content/gltf/MaterialFunctions/MF_RotateNormals_TS.uasset" 823
"../../../Engine/Plugins/Interchange/Assets/Content/gltf/MaterialFunctions/MF_RotateNormals_TS.uexp" 824
"../../../Engine/Plugins/Interchange/Assets/Content/gltf/MaterialFunctions/MF_ScaleNormal.uasset" 825
"../../../Engine/Plugins/Interchange/Assets/Content/gltf/MaterialFunctions/MF_ScaleNormal.uexp" 826
"../../../Engine/Plugins/Interchange/Assets/Content/gltf/Textures/T_Generic_N.uasset" 827
"../../../Engine/Plugins/Interchange/Assets/Content/gltf/Textures/T_Generic_N.uexp" 828
"../../../Engine/Plugins/Interchange/Assets/Content/gltf/MaterialFunctions/MF_Normals.uasset" 829
"../../../Engine/Plugins/Interchange/Assets/Content/gltf/MaterialFunctions/MF_Normals.uexp" 830
"../../../Engine/Plugins/Interchange/Assets/Content/gltf/MaterialFunctions/MF_Occlusion.uasset" 831
"../../../Engine/Plugins/Interchange/Assets/Content/gltf/MaterialFunctions/MF_Occlusion.uexp" 832
"../../../Engine/Plugins/Interchange/Assets/Content/gltf/MaterialFunctions/MF_Specular.uasset" 833
"../../../Engine/Plugins/Interchange/Assets/Content/gltf/MaterialFunctions/MF_Specular.uexp" 834
"../../../Engine/Plugins/Interchange/Assets/Content/gltf/Textures/T_Anisotropy_Direction_Linear.uasset" 835
"../../../Engine/Plugins/Interchange/Assets/Content/gltf/Textures/T_Anisotropy_Direction_Linear.uexp" 836
"../../../Engine/Plugins/Interchange/Assets/Content/gltf/MaterialFunctions/MF_SpecularAnisotropy.uasset" 837
"../../../Engine/Plugins/Interchange/Assets/Content/gltf/MaterialFunctions/MF_SpecularAnisotropy.uexp" 838
"../../../Engine/Plugins/Interchange/Assets/Content/gltf/MaterialFunctions/MF_Temporal_Blur.uasset" 839
"../../../Engine/Plugins/Interchange/Assets/Content/gltf/MaterialFunctions/MF_Temporal_Blur.uexp" 840
"../../../Engine/Plugins/Interchange/Assets/Content/gltf/MaterialFunctions/MF_Transmission.uasset" 841
"../../../Engine/Plugins/Interchange/Assets/Content/gltf/MaterialFunctions/MF_Transmission.uexp" 842
"../../../Engine/Plugins/Interchange/Assets/Content/gltf/MaterialBodies/MF_Transmission_Body.uasset" 843
"../../../Engine/Plugins/Interchange/Assets/Content/gltf/MaterialBodies/MF_Transmission_Body.uexp" 844
"../../../Engine/Plugins/Interchange/Assets/Content/gltf/M_Transmission.uasset" 845
"../../../Engine/Plugins/Interchange/Assets/Content/gltf/M_Transmission.uexp" 846
"../../../Engine/Plugins/Interchange/Assets/Content/gltf/MaterialInstances/MI_Transmission_DS.uasset" 847
"../../../Engine/Plugins/Interchange/Assets/Content/gltf/MaterialInstances/MI_Transmission_DS.uexp" 848
"../../../Engine/Plugins/Interchange/Assets/Content/gltf/MaterialInstances/MI_Transmission.uasset" 849
"../../../Engine/Plugins/Interchange/Assets/Content/gltf/MaterialInstances/MI_Transmission.uexp" 850
"../../../Engine/Content/Functions/Engine_MaterialFunctions02/Math/AddComponents.uasset" 851
"../../../Engine/Content/Functions/Engine_MaterialFunctions02/Math/AddComponents.uexp" 852
"../../../Engine/Plugins/Interchange/Assets/Content/gltf/MaterialFunctions/MF_DiffuseSpecGloss.uasset" 853
"../../../Engine/Plugins/Interchange/Assets/Content/gltf/MaterialFunctions/MF_DiffuseSpecGloss.uexp" 854
"../../../Engine/Plugins/Interchange/Assets/Content/gltf/MaterialFunctions/MF_Emissive.uasset" 855
"../../../Engine/Plugins/Interchange/Assets/Content/gltf/MaterialFunctions/MF_Emissive.uexp" 856
"../../../Engine/Plugins/Interchange/Assets/Content/gltf/MaterialFunctions/MF_MaxComponentValue.uasset" 857
"../../../Engine/Plugins/Interchange/Assets/Content/gltf/MaterialFunctions/MF_MaxComponentValue.uexp" 858
"../../../Engine/Plugins/Interchange/Assets/Content/gltf/MaterialFunctions/MF_PerceivedBrightness.uasset" 859
"../../../Engine/Plugins/Interchange/Assets/Content/gltf/MaterialFunctions/MF_PerceivedBrightness.uexp" 860
"../../../Engine/Plugins/Interchange/Assets/Content/gltf/MaterialFunctions/MF_SpecGlossToMetalRoughness.uasset" 861
"../../../Engine/Plugins/Interchange/Assets/Content/gltf/MaterialFunctions/MF_SpecGlossToMetalRoughness.uexp" 862
"../../../Engine/Plugins/Interchange/Assets/Content/gltf/MaterialBodies/MF_SpecularGlossiness_Body.uasset" 863
"../../../Engine/Plugins/Interchange/Assets/Content/gltf/MaterialBodies/MF_SpecularGlossiness_Body.uexp" 864
"../../../Engine/Plugins/Interchange/Assets/Content/gltf/M_SpecularGlossiness.uasset" 865
"../../../Engine/Plugins/Interchange/Assets/Content/gltf/M_SpecularGlossiness.uexp" 866
"../../../Engine/Plugins/Interchange/Assets/Content/gltf/MaterialInstances/MI_SpecularGlossiness_Opaque_DS.uasset" 867
"../../../Engine/Plugins/Interchange/Assets/Content/gltf/MaterialInstances/MI_SpecularGlossiness_Opaque_DS.uexp" 868
"../../../Engine/Plugins/Interchange/Assets/Content/gltf/MaterialInstances/MI_SpecularGlossiness_Opaque.uasset" 869
"../../../Engine/Plugins/Interchange/Assets/Content/gltf/MaterialInstances/MI_SpecularGlossiness_Opaque.uexp" 870
"../../../Engine/Plugins/Interchange/Assets/Content/gltf/MaterialInstances/MI_SpecularGlossiness_Mask_DS.uasset" 871
"../../../Engine/Plugins/Interchange/Assets/Content/gltf/MaterialInstances/MI_SpecularGlossiness_Mask_DS.uexp" 872
"../../../Engine/Plugins/Interchange/Assets/Content/gltf/MaterialInstances/MI_SpecularGlossiness_Mask.uasset" 873
"../../../Engine/Plugins/Interchange/Assets/Content/gltf/MaterialInstances/MI_SpecularGlossiness_Mask.uexp" 874
"../../../Engine/Plugins/Interchange/Assets/Content/gltf/MaterialInstances/MI_SpecularGlossiness_Blend_DS.uasset" 875
"../../../Engine/Plugins/Interchange/Assets/Content/gltf/MaterialInstances/MI_SpecularGlossiness_Blend_DS.uexp" 876
"../../../Engine/Plugins/Interchange/Assets/Content/gltf/MaterialInstances/MI_SpecularGlossiness_Blend.uasset" 877
"../../../Engine/Plugins/Interchange/Assets/Content/gltf/MaterialInstances/MI_SpecularGlossiness_Blend.uexp" 878
"../../../Engine/Plugins/Interchange/Assets/Content/gltf/MaterialFunctions/MF_Sheen.uasset" 879
"../../../Engine/Plugins/Interchange/Assets/Content/gltf/MaterialFunctions/MF_Sheen.uexp" 880
"../../../Engine/Plugins/Interchange/Assets/Content/gltf/MaterialBodies/MF_Sheen_Body.uasset" 881
"../../../Engine/Plugins/Interchange/Assets/Content/gltf/MaterialBodies/MF_Sheen_Body.uexp" 882
"../../../Engine/Plugins/Interchange/Assets/Content/gltf/M_Sheen.uasset" 883
"../../../Engine/Plugins/Interchange/Assets/Content/gltf/M_Sheen.uexp" 884
"../../../Engine/Plugins/Interchange/Assets/Content/gltf/MaterialInstances/MI_Sheen_Opaque_DS.uasset" 885
"../../../Engine/Plugins/Interchange/Assets/Content/gltf/MaterialInstances/MI_Sheen_Opaque_DS.uexp" 886
"../../../Engine/Plugins/Interchange/Assets/Content/gltf/MaterialInstances/MI_Sheen_Opaque.uasset" 887
"../../../Engine/Plugins/Interchange/Assets/Content/gltf/MaterialInstances/MI_Sheen_Opaque.uexp" 888
"../../../Engine/Plugins/Interchange/Assets/Content/gltf/MaterialInstances/MI_Sheen_Mask_DS.uasset" 889
"../../../Engine/Plugins/Interchange/Assets/Content/gltf/MaterialInstances/MI_Sheen_Mask_DS.uexp" 890
"../../../Engine/Plugins/Interchange/Assets/Content/gltf/MaterialInstances/MI_Sheen_Mask.uasset" 891
"../../../Engine/Plugins/Interchange/Assets/Content/gltf/MaterialInstances/MI_Sheen_Mask.uexp" 892
"../../../Engine/Plugins/Interchange/Assets/Content/gltf/MaterialInstances/MI_Sheen_Blend_DS.uasset" 893
"../../../Engine/Plugins/Interchange/Assets/Content/gltf/MaterialInstances/MI_Sheen_Blend_DS.uexp" 894
"../../../Engine/Plugins/Interchange/Assets/Content/gltf/MaterialInstances/MI_Sheen_Blend.uasset" 895
"../../../Engine/Plugins/Interchange/Assets/Content/gltf/MaterialInstances/MI_Sheen_Blend.uexp" 896
"../../../Engine/Plugins/Interchange/Assets/Content/gltf/MaterialBodies/MF_Default_Body.uasset" 897
"../../../Engine/Plugins/Interchange/Assets/Content/gltf/MaterialBodies/MF_Default_Body.uexp" 898
"../../../Engine/Plugins/Interchange/Assets/Content/gltf/M_Default.uasset" 899
"../../../Engine/Plugins/Interchange/Assets/Content/gltf/M_Default.uexp" 900
"../../../Engine/Plugins/Interchange/Assets/Content/gltf/MaterialInstances/MI_Default_Opaque_DS.uasset" 901
"../../../Engine/Plugins/Interchange/Assets/Content/gltf/MaterialInstances/MI_Default_Opaque_DS.uexp" 902
"../../../Engine/Plugins/Interchange/Assets/Content/gltf/MaterialInstances/MI_Default_Opaque.uasset" 903
"../../../Engine/Plugins/Interchange/Assets/Content/gltf/MaterialInstances/MI_Default_Opaque.uexp" 904
"../../../Engine/Plugins/Interchange/Assets/Content/gltf/MaterialInstances/MI_Default_Mask_DS.uasset" 905
"../../../Engine/Plugins/Interchange/Assets/Content/gltf/MaterialInstances/MI_Default_Mask_DS.uexp" 906
"../../../Engine/Plugins/Interchange/Assets/Content/gltf/MaterialInstances/MI_Default_Mask.uasset" 907
"../../../Engine/Plugins/Interchange/Assets/Content/gltf/MaterialInstances/MI_Default_Mask.uexp" 908
"../../../Engine/Plugins/Interchange/Assets/Content/gltf/MaterialInstances/MI_Default_Blend_DS.uasset" 909
"../../../Engine/Plugins/Interchange/Assets/Content/gltf/MaterialInstances/MI_Default_Blend_DS.uexp" 910
"../../../Engine/Plugins/Interchange/Assets/Content/gltf/MaterialInstances/MI_Default_Blend.uasset" 911
"../../../Engine/Plugins/Interchange/Assets/Content/gltf/MaterialInstances/MI_Default_Blend.uexp" 912
"../../../Engine/Content/Functions/Engine_MaterialFunctions01/Texturing/FlattenNormal.uasset" 913
"../../../Engine/Content/Functions/Engine_MaterialFunctions01/Texturing/FlattenNormal.uexp" 914
"../../../Engine/Plugins/Interchange/Assets/Content/gltf/MaterialFunctions/MF_Clearcoat.uasset" 915
"../../../Engine/Plugins/Interchange/Assets/Content/gltf/MaterialFunctions/MF_Clearcoat.uexp" 916
"../../../Engine/Plugins/Interchange/Assets/Content/gltf/MaterialBodies/MF_ClearCoat_Body.uasset" 917
"../../../Engine/Plugins/Interchange/Assets/Content/gltf/MaterialBodies/MF_ClearCoat_Body.uexp" 918
"../../../Engine/Plugins/Interchange/Assets/Content/gltf/M_ClearCoat.uasset" 919
"../../../Engine/Plugins/Interchange/Assets/Content/gltf/M_ClearCoat.uexp" 920
"../../../Engine/Plugins/Interchange/Assets/Content/gltf/MaterialInstances/MI_ClearCoat_Opaque_DS.uasset" 921
"../../../Engine/Plugins/Interchange/Assets/Content/gltf/MaterialInstances/MI_ClearCoat_Opaque_DS.uexp" 922
"../../../Engine/Plugins/Interchange/Assets/Content/gltf/MaterialInstances/MI_ClearCoat_Opaque.uasset" 923
"../../../Engine/Plugins/Interchange/Assets/Content/gltf/MaterialInstances/MI_ClearCoat_Opaque.uexp" 924
"../../../Engine/Plugins/Interchange/Assets/Content/gltf/MaterialInstances/MI_ClearCoat_Mask_DS.uasset" 925
"../../../Engine/Plugins/Interchange/Assets/Content/gltf/MaterialInstances/MI_ClearCoat_Mask_DS.uexp" 926
"../../../Engine/Plugins/Interchange/Assets/Content/gltf/MaterialInstances/MI_ClearCoat_Mask.uasset" 927
"../../../Engine/Plugins/Interchange/Assets/Content/gltf/MaterialInstances/MI_ClearCoat_Mask.uexp" 928
"../../../Engine/Plugins/Interchange/Assets/Content/gltf/MaterialInstances/MI_ClearCoat_Blend_DS.uasset" 929
"../../../Engine/Plugins/Interchange/Assets/Content/gltf/MaterialInstances/MI_ClearCoat_Blend_DS.uexp" 930
"../../../Engine/Plugins/Interchange/Assets/Content/gltf/MaterialInstances/MI_ClearCoat_Blend.uasset" 931
"../../../Engine/Plugins/Interchange/Assets/Content/gltf/MaterialInstances/MI_ClearCoat_Blend.uexp" 932
"../../../Engine/Content/ArtTools/RenderToTexture/Meshes/S_1_Unit_Plane.ubulk" 933
"../../../Engine/Content/ArtTools/RenderToTexture/Meshes/S_1_Unit_Plane.uasset" 934
"../../../Engine/Content/ArtTools/RenderToTexture/Meshes/S_1_Unit_Plane.uexp" 935
"../../../Engine/Content/EngineMaterials/Substrate/Volume/SubstrateSimpleVolumeLUT3D.uasset" 936
"../../../Engine/Content/EngineMaterials/Substrate/Volume/SubstrateSimpleVolumeLUT3D.uexp" 937
"../../../Engine/Content/EngineMaterials/Substrate/Volume/SubstrateSimpleVolumeEnvLUT3D.uasset" 938
"../../../Engine/Content/EngineMaterials/Substrate/Volume/SubstrateSimpleVolumeEnvLUT3D.uexp" 939
"../../../Engine/Content/EngineResources/DefaultTextureCube.uasset" 940
"../../../Engine/Content/EngineResources/DefaultTextureCube.uexp" 941
"../../../Engine/Content/EngineResources/DefaultVolumeTexture2D.uasset" 942
"../../../Engine/Content/EngineResources/DefaultVolumeTexture2D.uexp" 943
"../../../Engine/Content/EngineResources/DefaultVolumeTexture.uasset" 944
"../../../Engine/Content/EngineResources/DefaultVolumeTexture.uexp" 945
"../../../Engine/Content/EngineMaterials/Substrate/Glints2/AGlintTex2dArray2.uasset" 946
"../../../Engine/Content/EngineMaterials/Substrate/Glints2/AGlintTex2dArray2.uexp" 947
"../../../Engine/Content/EngineMaterials/Substrate/GLints/AGlintTex2dArray.uasset" 948
"../../../Engine/Content/EngineMaterials/Substrate/GLints/AGlintTex2dArray.uexp" 949
"../../../Engine/Content/Functions/Engine_MaterialFunctions01/Shading/PowerToRoughness.uasset" 950
"../../../Engine/Content/Functions/Engine_MaterialFunctions01/Shading/PowerToRoughness.uexp" 951
"../../../Engine/Content/Functions/Engine_MaterialFunctions01/Shading/ConvertFromDiffSpec.uasset" 952
"../../../Engine/Content/Functions/Engine_MaterialFunctions01/Shading/ConvertFromDiffSpec.uexp" 953
"../../../Engine/Content/EngineResources/WhiteSquareTexture.uasset" 954
"../../../Engine/Content/EngineResources/WhiteSquareTexture.uexp" 955
"../../../Engine/Content/EngineMaterials/Widget3DPassThrough.uasset" 956
"../../../Engine/Content/EngineMaterials/Widget3DPassThrough.uexp" 957
"../../../Engine/Content/EngineMaterials/Widget3DPassThrough_Masked.uasset" 958
"../../../Engine/Content/EngineMaterials/Widget3DPassThrough_Masked.uexp" 959
"../../../Engine/Content/EngineMaterials/Widget3DPassThrough_Opaque.uasset" 960
"../../../Engine/Content/EngineMaterials/Widget3DPassThrough_Opaque.uexp" 961
"../../../Engine/Content/EngineMaterials/Widget3DPassThrough_Masked_OneSided.uasset" 962
"../../../Engine/Content/EngineMaterials/Widget3DPassThrough_Masked_OneSided.uexp" 963
"../../../Engine/Content/EngineMaterials/Widget3DPassThrough_Opaque_OneSided.uasset" 964
"../../../Engine/Content/EngineMaterials/Widget3DPassThrough_Opaque_OneSided.uexp" 965
"../../../Engine/Content/EngineMaterials/Widget3DPassThrough_Translucent.uasset" 966
"../../../Engine/Content/EngineMaterials/Widget3DPassThrough_Translucent.uexp" 967
"../../../Engine/Content/EngineMaterials/Widget3DPassThrough_Translucent_OneSided.uasset" 968
"../../../Engine/Content/EngineMaterials/Widget3DPassThrough_Translucent_OneSided.uexp" 969
"../../../Engine/Content/EngineResources/LandscapeVisibilityLayerInfo.uasset" 970
"../../../Engine/Content/EngineResources/LandscapeVisibilityLayerInfo.uexp" 971
"../../../Engine/Content/EditorLandscapeResources/ColorMaskBrushMaterial.uasset" 972
"../../../Engine/Content/EditorLandscapeResources/ColorMaskBrushMaterial.uexp" 973
"../../../Engine/Content/EditorLandscapeResources/ColorMaskBrushMaterial_MaskedRegion.uasset" 974
"../../../Engine/Content/EditorLandscapeResources/ColorMaskBrushMaterial_MaskedRegion.uexp" 975
"../../../Engine/Content/Functions/Engine_MaterialFunctions03/Math/WithinRangeFloat2.uasset" 976
"../../../Engine/Content/Functions/Engine_MaterialFunctions03/Math/WithinRangeFloat2.uexp" 977
"../../../Engine/Content/EditorLandscapeResources/MaskBrushMaterial.uasset" 978
"../../../Engine/Content/EditorLandscapeResources/MaskBrushMaterial.uexp" 979
"../../../Engine/Content/EditorLandscapeResources/MaskBrushMaterial_MaskedRegion.uasset" 980
"../../../Engine/Content/EditorLandscapeResources/MaskBrushMaterial_MaskedRegion.uexp" 981
"../../../Engine/Content/EditorLandscapeResources/SelectBrushMaterial.uasset" 982
"../../../Engine/Content/EditorLandscapeResources/SelectBrushMaterial.uexp" 983
"../../../Engine/Content/EditorLandscapeResources/SelectBrushMaterial_Selected.uasset" 984
"../../../Engine/Content/EditorLandscapeResources/SelectBrushMaterial_Selected.uexp" 985
"../../../Engine/Content/EditorLandscapeResources/SelectBrushMaterial_SelectedRegion.uasset" 986
"../../../Engine/Content/EditorLandscapeResources/SelectBrushMaterial_SelectedRegion.uexp" 987
"../../../Engine/Plugins/NNE/NNEDenoiser/Content/NNE_oidn2-3-0_rt_hdr_alb_nrm_small__dyn__fp16_opset11_DenoiseAlpha.uasset" 988
"../../../Engine/Plugins/NNE/NNEDenoiser/Content/NNE_oidn2-3-0_rt_hdr_alb_nrm_small__dyn__fp16_opset11_DenoiseAlpha.uexp" 989
"../../../Engine/Plugins/NNE/NNEDenoiser/Content/NNE_oidn2-3-0_rt_hdr_alb_nrm_small__dyn__fp16_opset11_ForwardAlpha.uasset" 990
"../../../Engine/Plugins/NNE/NNEDenoiser/Content/NNE_oidn2-3-0_rt_hdr_alb_nrm_small__dyn__fp16_opset11_ForwardAlpha.uexp" 991
"../../../Engine/Plugins/NNE/NNEDenoiser/Content/NNE_oidn2-3-0_rt_hdr_alb_nrm__dyn__fp16_opset11_DenoiseAlpha.uasset" 992
"../../../Engine/Plugins/NNE/NNEDenoiser/Content/NNE_oidn2-3-0_rt_hdr_alb_nrm__dyn__fp16_opset11_DenoiseAlpha.uexp" 993
"../../../Engine/Plugins/NNE/NNEDenoiser/Content/NNE_oidn2-3-0_rt_hdr_alb_nrm__dyn__fp16_opset11_ForwardAlpha.uasset" 994
"../../../Engine/Plugins/NNE/NNEDenoiser/Content/NNE_oidn2-3-0_rt_hdr_alb_nrm__dyn__fp16_opset11_ForwardAlpha.uexp" 995
"../../../Engine/Plugins/NNE/NNEDenoiser/Content/NNE_oidn2-3-0_rt_hdr_calb_cnrm_large__dyn__fp16_opset11_DenoiseAlpha.uasset" 996
"../../../Engine/Plugins/NNE/NNEDenoiser/Content/NNE_oidn2-3-0_rt_hdr_calb_cnrm_large__dyn__fp16_opset11_DenoiseAlpha.uexp" 997
"../../../Engine/Plugins/NNE/NNEDenoiser/Content/NNE_oidn2-3-0_rt_hdr_calb_cnrm_large__dyn__fp16_opset11_ForwardAlpha.uasset" 998
"../../../Engine/Plugins/NNE/NNEDenoiser/Content/NNE_oidn2-3-0_rt_hdr_calb_cnrm_large__dyn__fp16_opset11_ForwardAlpha.uexp" 999
"../../../Engine/Plugins/2D/Paper2D/Content/DefaultSpriteMaterial.uasset" 1000
"../../../Engine/Plugins/2D/Paper2D/Content/DefaultSpriteMaterial.uexp" 1001
"../../../Engine/Plugins/2D/Paper2D/Content/MaskedUnlitSpriteMaterial.uasset" 1002
"../../../Engine/Plugins/2D/Paper2D/Content/MaskedUnlitSpriteMaterial.uexp" 1003
"../../../Engine/Plugins/2D/Paper2D/Content/OpaqueUnlitSpriteMaterial.uasset" 1004
"../../../Engine/Plugins/2D/Paper2D/Content/OpaqueUnlitSpriteMaterial.uexp" 1005
"C:/VNGameKit/VNGameKit/Content/Textures/Common/TX_UI_Outgame_PopupBG.uasset" 1006
"C:/VNGameKit/VNGameKit/Content/Textures/Common/TX_UI_Outgame_PopupBG.uexp" 1007
"C:/VNGameKit/VNGameKit/Content/Blueprints/UI/Debug/WBP_JumpID.uasset" 1008
"C:/VNGameKit/VNGameKit/Content/Blueprints/UI/Debug/WBP_JumpID.uexp" 1009
"../../../Engine/Content/VREditor/Sounds/UI/Drop_Item_From_ContentBrowser.ubulk" 1010
"../../../Engine/Content/VREditor/Sounds/UI/Drop_Item_From_ContentBrowser.uasset" 1011
"../../../Engine/Content/VREditor/Sounds/UI/Drop_Item_From_ContentBrowser.uexp" 1012
"../../../Engine/Content/VREditor/TransformGizmo/TransformGizmoMaterial_Inst.uasset" 1013
"../../../Engine/Content/VREditor/TransformGizmo/TransformGizmoMaterial_Inst.uexp" 1014
"../../../Engine/Content/VREditor/TransformGizmo/TranslucentTransformGizmoMaterial_Inst.uasset" 1015
"../../../Engine/Content/VREditor/TransformGizmo/TranslucentTransformGizmoMaterial_Inst.uexp" 1016
"../../../Engine/Content/Functions/Engine_MaterialFunctions02/SplitComponents.uasset" 1017
"../../../Engine/Content/Functions/Engine_MaterialFunctions02/SplitComponents.uexp" 1018
"../../../Engine/Content/VREditor/SnapGrid/SnapGridMaterial.uasset" 1019
"../../../Engine/Content/VREditor/SnapGrid/SnapGridMaterial.uexp" 1020
"../../../Engine/Content/VREditor/SnapGrid/SnapGridPlaneMesh.ubulk" 1021
"../../../Engine/Content/VREditor/SnapGrid/SnapGridPlaneMesh.uasset" 1022
"../../../Engine/Content/VREditor/SnapGrid/SnapGridPlaneMesh.uexp" 1023
"../../../Engine/Content/VREditor/Sounds/UI/Gizmo_Handle_Clicked.ubulk" 1024
"../../../Engine/Content/VREditor/Sounds/UI/Gizmo_Handle_Clicked.uasset" 1025
"../../../Engine/Content/VREditor/Sounds/UI/Gizmo_Handle_Clicked.uexp" 1026
"../../../Engine/Content/VREditor/Sounds/UI/Object_PickUp.ubulk" 1027
"../../../Engine/Content/VREditor/Sounds/UI/Object_PickUp.uasset" 1028
"../../../Engine/Content/VREditor/Sounds/UI/Object_PickUp.uexp" 1029
"../../../Engine/Content/VREditor/Sounds/UI/Object_Snaps_To_Another_Actor.ubulk" 1030
"../../../Engine/Content/VREditor/Sounds/UI/Object_Snaps_To_Another_Actor.uasset" 1031
"../../../Engine/Content/VREditor/Sounds/UI/Object_Snaps_To_Another_Actor.uexp" 1032
"../../../Engine/Content/VREditor/Sounds/UI/Object_Snaps_To_Grid.ubulk" 1033
"../../../Engine/Content/VREditor/Sounds/UI/Object_Snaps_To_Grid.uasset" 1034
"../../../Engine/Content/VREditor/Sounds/UI/Object_Snaps_To_Grid.uexp" 1035
"../../../Engine/Content/VREditor/Sounds/UI/Scaling_Down.ubulk" 1036
"../../../Engine/Content/VREditor/Sounds/UI/Scaling_Down.uasset" 1037
"../../../Engine/Content/VREditor/Sounds/UI/Scaling_Down.uexp" 1038
"../../../Engine/Content/VREditor/Sounds/UI/Scaling_Up.ubulk" 1039
"../../../Engine/Content/VREditor/Sounds/UI/Scaling_Up.uasset" 1040
"../../../Engine/Content/VREditor/Sounds/UI/Scaling_Up.uexp" 1041
"../../../Engine/Content/VREditor/Sounds/UI/Selection_Changes.ubulk" 1042
"../../../Engine/Content/VREditor/Sounds/UI/Selection_Changes.uasset" 1043
"../../../Engine/Content/VREditor/Sounds/UI/Selection_Changes.uexp" 1044
"../../../Engine/Content/VREditor/TransformGizmo/PlaneTranslationHandle.ubulk" 1045
"../../../Engine/Content/VREditor/TransformGizmo/PlaneTranslationHandle.uasset" 1046
"../../../Engine/Content/VREditor/TransformGizmo/PlaneTranslationHandle.uexp" 1047
"../../../Engine/Content/VREditor/TransformGizmo/RotationHandleFull.ubulk" 1048
"../../../Engine/Content/VREditor/TransformGizmo/RotationHandleFull.uasset" 1049
"../../../Engine/Content/VREditor/TransformGizmo/RotationHandleFull.uexp" 1050
"../../../Engine/Content/VREditor/TransformGizmo/RotationHandleIndicator.ubulk" 1051
"../../../Engine/Content/VREditor/TransformGizmo/RotationHandleIndicator.uasset" 1052
"../../../Engine/Content/VREditor/TransformGizmo/RotationHandleIndicator.uexp" 1053
"../../../Engine/Content/VREditor/TransformGizmo/RotationHandleQuarter.ubulk" 1054
"../../../Engine/Content/VREditor/TransformGizmo/RotationHandleQuarter.uasset" 1055
"../../../Engine/Content/VREditor/TransformGizmo/RotationHandleQuarter.uexp" 1056
"../../../Engine/Content/VREditor/TransformGizmo/StartRotationHandleIndicator.ubulk" 1057
"../../../Engine/Content/VREditor/TransformGizmo/StartRotationHandleIndicator.uasset" 1058
"../../../Engine/Content/VREditor/TransformGizmo/StartRotationHandleIndicator.uexp" 1059
"../../../Engine/Content/VREditor/TransformGizmo/TransformGizmoFreeRotation.ubulk" 1060
"../../../Engine/Content/VREditor/TransformGizmo/TransformGizmoFreeRotation.uasset" 1061
"../../../Engine/Content/VREditor/TransformGizmo/TransformGizmoFreeRotation.uexp" 1062
"../../../Engine/Content/VREditor/TransformGizmo/TranslateArrowHandle.ubulk" 1063
"../../../Engine/Content/VREditor/TransformGizmo/TranslateArrowHandle.uasset" 1064
"../../../Engine/Content/VREditor/TransformGizmo/TranslateArrowHandle.uexp" 1065
"../../../Engine/Content/VREditor/TransformGizmo/UniformScaleHandle.ubulk" 1066
"../../../Engine/Content/VREditor/TransformGizmo/UniformScaleHandle.uasset" 1067
"../../../Engine/Content/VREditor/TransformGizmo/UniformScaleHandle.uexp" 1068
"../../../Engine/Plugins/Animation/DeformerGraph/Content/DeformerFunctions/DG_Function_LinearBlendSkin_Morph_Cloth.uasset" 1069
"../../../Engine/Plugins/Animation/DeformerGraph/Content/DeformerFunctions/DG_Function_LinearBlendSkin_Morph_Cloth.uexp" 1070
"../../../Engine/Plugins/Animation/DeformerGraph/Content/Deformers/DG_LinearBlendSkin_Morph_Cloth.uasset" 1071
"../../../Engine/Plugins/Animation/DeformerGraph/Content/Deformers/DG_LinearBlendSkin_Morph_Cloth.uexp" 1072
"../../../Engine/Plugins/Animation/DeformerGraph/Content/DeformerFunctions/DG_Function_LinearBlendSkin_Morph_Cloth_PositionOnly.uasset" 1073
"../../../Engine/Plugins/Animation/DeformerGraph/Content/DeformerFunctions/DG_Function_LinearBlendSkin_Morph_Cloth_PositionOnly.uexp" 1074
"../../../Engine/Plugins/Animation/DeformerGraph/Content/DeformerFunctions/DG_Function_ComputeNormalsTangents.uasset" 1075
"../../../Engine/Plugins/Animation/DeformerGraph/Content/DeformerFunctions/DG_Function_ComputeNormalsTangents.uexp" 1076
"../../../Engine/Plugins/Animation/DeformerGraph/Content/Deformers/DG_LinearBlendSkin_Morph_Cloth_RecomputeNormals.uasset" 1077
"../../../Engine/Plugins/Animation/DeformerGraph/Content/Deformers/DG_LinearBlendSkin_Morph_Cloth_RecomputeNormals.uexp" 1078
"../../../Engine/Plugins/NNE/NNEDenoiser/Content/NNEDT_Oidn2-3_Balanced.uasset" 1079
"../../../Engine/Plugins/NNE/NNEDenoiser/Content/NNEDT_Oidn2-3_Balanced.uexp" 1080
"../../../Engine/Plugins/NNE/NNEDenoiser/Content/NNEDT_Oidn2-3_Balanced_Alpha.uasset" 1081
"../../../Engine/Plugins/NNE/NNEDenoiser/Content/NNEDT_Oidn2-3_Balanced_Alpha.uexp" 1082
"../../../Engine/Plugins/NNE/NNEDenoiser/Content/NNED_Oidn2-3_Balanced.uasset" 1083
"../../../Engine/Plugins/NNE/NNEDenoiser/Content/NNED_Oidn2-3_Balanced.uexp" 1084
"../../../Engine/Plugins/NNE/NNEDenoiser/Content/NNED_Oidn2-3_Balanced_Alpha.uasset" 1085
"../../../Engine/Plugins/NNE/NNEDenoiser/Content/NNED_Oidn2-3_Balanced_Alpha.uexp" 1086
"../../../Engine/Plugins/NNE/NNEDenoiser/Content/NNED_Oidn2-3_Fast.uasset" 1087
"../../../Engine/Plugins/NNE/NNEDenoiser/Content/NNED_Oidn2-3_Fast.uexp" 1088
"../../../Engine/Plugins/NNE/NNEDenoiser/Content/NNED_Oidn2-3_Fast_Alpha.uasset" 1089
"../../../Engine/Plugins/NNE/NNEDenoiser/Content/NNED_Oidn2-3_Fast_Alpha.uexp" 1090
"../../../Engine/Plugins/NNE/NNEDenoiser/Content/NNED_Oidn2-3_HighQuality.uasset" 1091
"../../../Engine/Plugins/NNE/NNEDenoiser/Content/NNED_Oidn2-3_HighQuality.uexp" 1092
"../../../Engine/Plugins/NNE/NNEDenoiser/Content/NNED_Oidn2-3_HighQuality_Alpha.uasset" 1093
"../../../Engine/Plugins/NNE/NNEDenoiser/Content/NNED_Oidn2-3_HighQuality_Alpha.uexp" 1094
"../../../Engine/Content/Maps/Entry_BuiltData.uasset" 1095
"../../../Engine/Content/Maps/Entry_BuiltData.uexp" 1096
"../../../Engine/Content/Maps/Entry.uexp" 1097
"../../../Engine/Content/Maps/Entry.umap" 1098
"C:/VNGameKit/VNGameKit/Content/Data/Enum/E_ScenarioState.uasset" 1099
"C:/VNGameKit/VNGameKit/Content/Data/Enum/E_ScenarioState.uexp" 1100
"C:/VNGameKit/VNGameKit/Content/Textures/nigirizushi_moriawase.uasset" 1101
"C:/VNGameKit/VNGameKit/Content/Textures/nigirizushi_moriawase.uexp" 1102
"C:/VNGameKit/VNGameKit/Content/Textures/Common/TA_UI_Common_BG.uasset" 1103
"C:/VNGameKit/VNGameKit/Content/Textures/Common/TA_UI_Common_BG.uexp" 1104
"C:/VNGameKit/VNGameKit/Content/Blueprints/UI/Title/WBP_Title.uasset" 1105
"C:/VNGameKit/VNGameKit/Content/Blueprints/UI/Title/WBP_Title.uexp" 1106
"C:/VNGameKit/VNGameKit/Content/Textures/SaveLoad/TX_UI_Save_Title.uasset" 1107
"C:/VNGameKit/VNGameKit/Content/Textures/SaveLoad/TX_UI_Save_Title.uexp" 1108
"C:/VNGameKit/VNGameKit/Content/Textures/SaveLoad/TX_UI_Load_Title.uasset" 1109
"C:/VNGameKit/VNGameKit/Content/Textures/SaveLoad/TX_UI_Load_Title.uexp" 1110
"C:/VNGameKit/VNGameKit/Content/Data/DT_TextStyle.uasset" 1111
"C:/VNGameKit/VNGameKit/Content/Data/DT_TextStyle.uexp" 1112
"C:/VNGameKit/VNGameKit/Content/Blueprints/UI/HUD/WBP_Popup.uasset" 1113
"C:/VNGameKit/VNGameKit/Content/Blueprints/UI/HUD/WBP_Popup.uexp" 1114
"C:/VNGameKit/VNGameKit/Content/Textures/SaveLoad/TX_UI_SaveLoad_Photo_Mask.uasset" 1115
"C:/VNGameKit/VNGameKit/Content/Textures/SaveLoad/TX_UI_SaveLoad_Photo_Mask.uexp" 1116
"C:/VNGameKit/VNGameKit/Content/Materials/MT_SaveThumbnail.uasset" 1117
"C:/VNGameKit/VNGameKit/Content/Materials/MT_SaveThumbnail.uexp" 1118
"C:/VNGameKit/VNGameKit/Content/Textures/SaveLoad/TX_UI_SaveLoad_SelectBG_Normal.uasset" 1119
"C:/VNGameKit/VNGameKit/Content/Textures/SaveLoad/TX_UI_SaveLoad_SelectBG_Normal.uexp" 1120
"C:/VNGameKit/VNGameKit/Content/Textures/SaveLoad/TX_UI_SaveLoad_SelectBG_Hover.uasset" 1121
"C:/VNGameKit/VNGameKit/Content/Textures/SaveLoad/TX_UI_SaveLoad_SelectBG_Hover.uexp" 1122
"C:/VNGameKit/VNGameKit/Content/Textures/SaveLoad/TX_UI_SaveLoad_SelectBG_Decision.uasset" 1123
"C:/VNGameKit/VNGameKit/Content/Textures/SaveLoad/TX_UI_SaveLoad_SelectBG_Decision.uexp" 1124
"C:/VNGameKit/VNGameKit/Content/Textures/SaveLoad/TX_UI_SaveLoad_Photo_Shadow.uasset" 1125
"C:/VNGameKit/VNGameKit/Content/Textures/SaveLoad/TX_UI_SaveLoad_Photo_Shadow.uexp" 1126
"C:/VNGameKit/VNGameKit/Content/Textures/SaveLoad/TX_UI_SaveLoad_Photo_Frame_Decision.uasset" 1127
"C:/VNGameKit/VNGameKit/Content/Textures/SaveLoad/TX_UI_SaveLoad_Photo_Frame_Decision.uexp" 1128
"C:/VNGameKit/VNGameKit/Content/Textures/SaveLoad/TX_UI_SaveLoad_Photo_Frame.uasset" 1129
"C:/VNGameKit/VNGameKit/Content/Textures/SaveLoad/TX_UI_SaveLoad_Photo_Frame.uexp" 1130
"C:/VNGameKit/VNGameKit/Content/Blueprints/UI/Save/WBP_SaveSlot.uasset" 1131
"C:/VNGameKit/VNGameKit/Content/Blueprints/UI/Save/WBP_SaveSlot.uexp" 1132
"C:/VNGameKit/VNGameKit/Content/Blueprints/UI/Save/WBP_LoadSave.uasset" 1133
"C:/VNGameKit/VNGameKit/Content/Blueprints/UI/Save/WBP_LoadSave.uexp" 1134
"C:/VNGameKit/VNGameKit/Content/Blueprints/UI/WBP_MainUI.uasset" 1135
"C:/VNGameKit/VNGameKit/Content/Blueprints/UI/WBP_MainUI.uexp" 1136
"C:/VNGameKit/VNGameKit/Content/Blueprints/UI/Common/WBP_Menu.uasset" 1137
"C:/VNGameKit/VNGameKit/Content/Blueprints/UI/Common/WBP_Menu.uexp" 1138
"C:/VNGameKit/VNGameKit/Content/Blueprints/Core/BP_GameManager.uasset" 1139
"C:/VNGameKit/VNGameKit/Content/Blueprints/Core/BP_GameManager.uexp" 1140
"C:/VNGameKit/VNGameKit/Content/Leval/InGame.uexp" 1141
"C:/VNGameKit/VNGameKit/Content/Leval/InGame.umap" 1142
